{"C:\\Users\\ragul.n_disprz\\calender_app\\Frontend\\react_frontend\\src\\components\\AddAppointmentModal.jsx": {"path":"C:\\Users\\ragul.n_disprz\\calender_app\\Frontend\\react_frontend\\src\\components\\AddAppointmentModal.jsx","statementMap":{"0":{"start":{"line":7,"column":28},"end":{"line":247,"column":1}},"1":{"start":{"line":14,"column":28},"end":{"line":14,"column":40}},"2":{"start":{"line":15,"column":40},"end":{"line":15,"column":52}},"3":{"start":{"line":16,"column":36},"end":{"line":16,"column":48}},"4":{"start":{"line":17,"column":32},"end":{"line":17,"column":44}},"5":{"start":{"line":18,"column":26},"end":{"line":18,"column":62}},"6":{"start":{"line":19,"column":26},"end":{"line":19,"column":45}},"7":{"start":{"line":20,"column":28},"end":{"line":20,"column":40}},"8":{"start":{"line":21,"column":42},"end":{"line":21,"column":57}},"9":{"start":{"line":23,"column":22},"end":{"line":23,"column":24}},"10":{"start":{"line":24,"column":28},"end":{"line":24,"column":30}},"11":{"start":{"line":26,"column":21},"end":{"line":31,"column":3}},"12":{"start":{"line":34,"column":2},"end":{"line":36,"column":21}},"13":{"start":{"line":35,"column":4},"end":{"line":35,"column":54}},"14":{"start":{"line":35,"column":22},"end":{"line":35,"column":54}},"15":{"start":{"line":39,"column":2},"end":{"line":45,"column":16}},"16":{"start":{"line":40,"column":26},"end":{"line":42,"column":5}},"17":{"start":{"line":41,"column":6},"end":{"line":41,"column":40}},"18":{"start":{"line":41,"column":30},"end":{"line":41,"column":40}},"19":{"start":{"line":43,"column":4},"end":{"line":43,"column":54}},"20":{"start":{"line":44,"column":4},"end":{"line":44,"column":70}},"21":{"start":{"line":44,"column":17},"end":{"line":44,"column":69}},"22":{"start":{"line":48,"column":2},"end":{"line":57,"column":26}},"23":{"start":{"line":49,"column":4},"end":{"line":56,"column":5}},"24":{"start":{"line":50,"column":6},"end":{"line":50,"column":46}},"25":{"start":{"line":51,"column":6},"end":{"line":51,"column":58}},"26":{"start":{"line":52,"column":6},"end":{"line":52,"column":69}},"27":{"start":{"line":53,"column":6},"end":{"line":53,"column":65}},"28":{"start":{"line":54,"column":6},"end":{"line":54,"column":53}},"29":{"start":{"line":55,"column":6},"end":{"line":55,"column":51}},"30":{"start":{"line":60,"column":2},"end":{"line":79,"column":47}},"31":{"start":{"line":61,"column":22},"end":{"line":61,"column":24}},"32":{"start":{"line":62,"column":4},"end":{"line":67,"column":5}},"33":{"start":{"line":63,"column":6},"end":{"line":66,"column":76}},"34":{"start":{"line":64,"column":8},"end":{"line":64,"column":75}},"35":{"start":{"line":65,"column":11},"end":{"line":66,"column":76}},"36":{"start":{"line":66,"column":8},"end":{"line":66,"column":76}},"37":{"start":{"line":68,"column":4},"end":{"line":74,"column":5}},"38":{"start":{"line":69,"column":6},"end":{"line":73,"column":76}},"39":{"start":{"line":70,"column":8},"end":{"line":70,"column":93}},"40":{"start":{"line":71,"column":11},"end":{"line":73,"column":76}},"41":{"start":{"line":72,"column":8},"end":{"line":73,"column":76}},"42":{"start":{"line":75,"column":4},"end":{"line":76,"column":68}},"43":{"start":{"line":76,"column":6},"end":{"line":76,"column":68}},"44":{"start":{"line":78,"column":4},"end":{"line":78,"column":24}},"45":{"start":{"line":81,"column":23},"end":{"line":124,"column":1}},"46":{"start":{"line":82,"column":2},"end":{"line":82,"column":21}},"47":{"start":{"line":83,"column":2},"end":{"line":83,"column":80}},"48":{"start":{"line":83,"column":73},"end":{"line":83,"column":80}},"49":{"start":{"line":85,"column":2},"end":{"line":85,"column":24}},"50":{"start":{"line":87,"column":24},"end":{"line":87,"column":56}},"51":{"start":{"line":88,"column":24},"end":{"line":88,"column":65}},"52":{"start":{"line":89,"column":22},"end":{"line":89,"column":61}},"53":{"start":{"line":91,"column":26},"end":{"line":98,"column":3}},"54":{"start":{"line":100,"column":2},"end":{"line":123,"column":3}},"55":{"start":{"line":102,"column":4},"end":{"line":108,"column":5}},"56":{"start":{"line":103,"column":6},"end":{"line":103,"column":88}},"57":{"start":{"line":104,"column":6},"end":{"line":104,"column":57}},"58":{"start":{"line":106,"column":6},"end":{"line":106,"column":66}},"59":{"start":{"line":107,"column":6},"end":{"line":107,"column":57}},"60":{"start":{"line":110,"column":4},"end":{"line":110,"column":49}},"61":{"start":{"line":111,"column":4},"end":{"line":111,"column":14}},"62":{"start":{"line":113,"column":4},"end":{"line":113,"column":63}},"63":{"start":{"line":116,"column":4},"end":{"line":120,"column":5}},"64":{"start":{"line":117,"column":6},"end":{"line":117,"column":65}},"65":{"start":{"line":119,"column":6},"end":{"line":119,"column":88}},"66":{"start":{"line":122,"column":4},"end":{"line":122,"column":27}},"67":{"start":{"line":126,"column":16},"end":{"line":126,"column":54}},"68":{"start":{"line":128,"column":2},"end":{"line":246,"column":4}},"69":{"start":{"line":146,"column":31},"end":{"line":146,"column":55}},"70":{"start":{"line":161,"column":31},"end":{"line":161,"column":61}},"71":{"start":{"line":176,"column":31},"end":{"line":176,"column":54}},"72":{"start":{"line":180,"column":16},"end":{"line":180,"column":54}},"73":{"start":{"line":192,"column":31},"end":{"line":192,"column":64}},"74":{"start":{"line":204,"column":31},"end":{"line":204,"column":59}},"75":{"start":{"line":209,"column":16},"end":{"line":209,"column":76}},"76":{"start":{"line":219,"column":31},"end":{"line":219,"column":57}},"77":{"start":{"line":224,"column":16},"end":{"line":224,"column":76}},"78":{"start":{"line":250,"column":28},"end":{"line":257,"column":1}},"79":{"start":{"line":251,"column":18},"end":{"line":251,"column":20}},"80":{"start":{"line":252,"column":2},"end":{"line":255,"column":3}},"81":{"start":{"line":252,"column":18},"end":{"line":252,"column":19}},"82":{"start":{"line":253,"column":4},"end":{"line":253,"column":59}},"83":{"start":{"line":254,"column":4},"end":{"line":254,"column":59}},"84":{"start":{"line":256,"column":2},"end":{"line":256,"column":17}},"85":{"start":{"line":259,"column":29},"end":{"line":265,"column":1}},"86":{"start":{"line":260,"column":27},"end":{"line":260,"column":42}},"87":{"start":{"line":261,"column":15},"end":{"line":261,"column":34}},"88":{"start":{"line":262,"column":15},"end":{"line":262,"column":39}},"89":{"start":{"line":263,"column":22},"end":{"line":263,"column":37}},"90":{"start":{"line":264,"column":2},"end":{"line":264,"column":45}}},"fnMap":{"0":{"name":"(anonymous_0)","decl":{"start":{"line":7,"column":28},"end":{"line":7,"column":29}},"loc":{"start":{"line":13,"column":6},"end":{"line":247,"column":1}},"line":13},"1":{"name":"(anonymous_1)","decl":{"start":{"line":34,"column":12},"end":{"line":34,"column":13}},"loc":{"start":{"line":34,"column":18},"end":{"line":36,"column":3}},"line":34},"2":{"name":"(anonymous_2)","decl":{"start":{"line":39,"column":12},"end":{"line":39,"column":13}},"loc":{"start":{"line":39,"column":18},"end":{"line":45,"column":3}},"line":39},"3":{"name":"(anonymous_3)","decl":{"start":{"line":40,"column":26},"end":{"line":40,"column":27}},"loc":{"start":{"line":40,"column":33},"end":{"line":42,"column":5}},"line":40},"4":{"name":"(anonymous_4)","decl":{"start":{"line":44,"column":11},"end":{"line":44,"column":12}},"loc":{"start":{"line":44,"column":17},"end":{"line":44,"column":69}},"line":44},"5":{"name":"(anonymous_5)","decl":{"start":{"line":48,"column":12},"end":{"line":48,"column":13}},"loc":{"start":{"line":48,"column":18},"end":{"line":57,"column":3}},"line":48},"6":{"name":"(anonymous_6)","decl":{"start":{"line":60,"column":12},"end":{"line":60,"column":13}},"loc":{"start":{"line":60,"column":18},"end":{"line":79,"column":3}},"line":60},"7":{"name":"(anonymous_7)","decl":{"start":{"line":81,"column":23},"end":{"line":81,"column":24}},"loc":{"start":{"line":81,"column":36},"end":{"line":124,"column":1}},"line":81},"8":{"name":"(anonymous_8)","decl":{"start":{"line":146,"column":24},"end":{"line":146,"column":25}},"loc":{"start":{"line":146,"column":31},"end":{"line":146,"column":55}},"line":146},"9":{"name":"(anonymous_9)","decl":{"start":{"line":161,"column":24},"end":{"line":161,"column":25}},"loc":{"start":{"line":161,"column":31},"end":{"line":161,"column":61}},"line":161},"10":{"name":"(anonymous_10)","decl":{"start":{"line":176,"column":24},"end":{"line":176,"column":25}},"loc":{"start":{"line":176,"column":31},"end":{"line":176,"column":54}},"line":176},"11":{"name":"(anonymous_11)","decl":{"start":{"line":179,"column":43},"end":{"line":179,"column":44}},"loc":{"start":{"line":180,"column":16},"end":{"line":180,"column":54}},"line":180},"12":{"name":"(anonymous_12)","decl":{"start":{"line":192,"column":24},"end":{"line":192,"column":25}},"loc":{"start":{"line":192,"column":31},"end":{"line":192,"column":64}},"line":192},"13":{"name":"(anonymous_13)","decl":{"start":{"line":204,"column":24},"end":{"line":204,"column":25}},"loc":{"start":{"line":204,"column":31},"end":{"line":204,"column":59}},"line":204},"14":{"name":"(anonymous_14)","decl":{"start":{"line":208,"column":41},"end":{"line":208,"column":42}},"loc":{"start":{"line":209,"column":16},"end":{"line":209,"column":76}},"line":209},"15":{"name":"(anonymous_15)","decl":{"start":{"line":219,"column":24},"end":{"line":219,"column":25}},"loc":{"start":{"line":219,"column":31},"end":{"line":219,"column":57}},"line":219},"16":{"name":"(anonymous_16)","decl":{"start":{"line":223,"column":41},"end":{"line":223,"column":42}},"loc":{"start":{"line":224,"column":16},"end":{"line":224,"column":76}},"line":224},"17":{"name":"(anonymous_17)","decl":{"start":{"line":250,"column":28},"end":{"line":250,"column":29}},"loc":{"start":{"line":250,"column":34},"end":{"line":257,"column":1}},"line":250},"18":{"name":"(anonymous_18)","decl":{"start":{"line":259,"column":29},"end":{"line":259,"column":30}},"loc":{"start":{"line":259,"column":39},"end":{"line":265,"column":1}},"line":259}},"branchMap":{"0":{"loc":{"start":{"line":18,"column":35},"end":{"line":18,"column":61}},"type":"binary-expr","locations":[{"start":{"line":18,"column":35},"end":{"line":18,"column":47}},{"start":{"line":18,"column":51},"end":{"line":18,"column":61}}],"line":18},"1":{"loc":{"start":{"line":35,"column":4},"end":{"line":35,"column":54}},"type":"if","locations":[{"start":{"line":35,"column":4},"end":{"line":35,"column":54}},{"start":{},"end":{}}],"line":35},"2":{"loc":{"start":{"line":41,"column":6},"end":{"line":41,"column":40}},"type":"if","locations":[{"start":{"line":41,"column":6},"end":{"line":41,"column":40}},{"start":{},"end":{}}],"line":41},"3":{"loc":{"start":{"line":49,"column":4},"end":{"line":56,"column":5}},"type":"if","locations":[{"start":{"line":49,"column":4},"end":{"line":56,"column":5}},{"start":{},"end":{}}],"line":49},"4":{"loc":{"start":{"line":50,"column":15},"end":{"line":50,"column":44}},"type":"binary-expr","locations":[{"start":{"line":50,"column":15},"end":{"line":50,"column":38}},{"start":{"line":50,"column":42},"end":{"line":50,"column":44}}],"line":50},"5":{"loc":{"start":{"line":51,"column":21},"end":{"line":51,"column":56}},"type":"binary-expr","locations":[{"start":{"line":51,"column":21},"end":{"line":51,"column":50}},{"start":{"line":51,"column":54},"end":{"line":51,"column":56}}],"line":51},"6":{"loc":{"start":{"line":52,"column":19},"end":{"line":52,"column":67}},"type":"binary-expr","locations":[{"start":{"line":52,"column":19},"end":{"line":52,"column":61}},{"start":{"line":52,"column":65},"end":{"line":52,"column":67}}],"line":52},"7":{"loc":{"start":{"line":53,"column":17},"end":{"line":53,"column":63}},"type":"binary-expr","locations":[{"start":{"line":53,"column":17},"end":{"line":53,"column":57}},{"start":{"line":53,"column":61},"end":{"line":53,"column":63}}],"line":53},"8":{"loc":{"start":{"line":55,"column":14},"end":{"line":55,"column":49}},"type":"binary-expr","locations":[{"start":{"line":55,"column":14},"end":{"line":55,"column":36}},{"start":{"line":55,"column":40},"end":{"line":55,"column":49}}],"line":55},"9":{"loc":{"start":{"line":62,"column":4},"end":{"line":67,"column":5}},"type":"if","locations":[{"start":{"line":62,"column":4},"end":{"line":67,"column":5}},{"start":{},"end":{}}],"line":62},"10":{"loc":{"start":{"line":63,"column":6},"end":{"line":66,"column":76}},"type":"if","locations":[{"start":{"line":63,"column":6},"end":{"line":66,"column":76}},{"start":{"line":65,"column":11},"end":{"line":66,"column":76}}],"line":63},"11":{"loc":{"start":{"line":65,"column":11},"end":{"line":66,"column":76}},"type":"if","locations":[{"start":{"line":65,"column":11},"end":{"line":66,"column":76}},{"start":{},"end":{}}],"line":65},"12":{"loc":{"start":{"line":68,"column":4},"end":{"line":74,"column":5}},"type":"if","locations":[{"start":{"line":68,"column":4},"end":{"line":74,"column":5}},{"start":{},"end":{}}],"line":68},"13":{"loc":{"start":{"line":69,"column":6},"end":{"line":73,"column":76}},"type":"if","locations":[{"start":{"line":69,"column":6},"end":{"line":73,"column":76}},{"start":{"line":71,"column":11},"end":{"line":73,"column":76}}],"line":69},"14":{"loc":{"start":{"line":71,"column":11},"end":{"line":73,"column":76}},"type":"if","locations":[{"start":{"line":71,"column":11},"end":{"line":73,"column":76}},{"start":{},"end":{}}],"line":71},"15":{"loc":{"start":{"line":75,"column":4},"end":{"line":76,"column":68}},"type":"if","locations":[{"start":{"line":75,"column":4},"end":{"line":76,"column":68}},{"start":{},"end":{}}],"line":75},"16":{"loc":{"start":{"line":75,"column":8},"end":{"line":75,"column":52}},"type":"binary-expr","locations":[{"start":{"line":75,"column":8},"end":{"line":75,"column":17}},{"start":{"line":75,"column":21},"end":{"line":75,"column":28}},{"start":{"line":75,"column":32},"end":{"line":75,"column":52}}],"line":75},"17":{"loc":{"start":{"line":83,"column":2},"end":{"line":83,"column":80}},"type":"if","locations":[{"start":{"line":83,"column":2},"end":{"line":83,"column":80}},{"start":{},"end":{}}],"line":83},"18":{"loc":{"start":{"line":83,"column":6},"end":{"line":83,"column":71}},"type":"binary-expr","locations":[{"start":{"line":83,"column":6},"end":{"line":83,"column":35}},{"start":{"line":83,"column":39},"end":{"line":83,"column":45}},{"start":{"line":83,"column":49},"end":{"line":83,"column":59}},{"start":{"line":83,"column":63},"end":{"line":83,"column":71}}],"line":83},"19":{"loc":{"start":{"line":102,"column":4},"end":{"line":108,"column":5}},"type":"if","locations":[{"start":{"line":102,"column":4},"end":{"line":108,"column":5}},{"start":{"line":105,"column":11},"end":{"line":108,"column":5}}],"line":102},"20":{"loc":{"start":{"line":116,"column":4},"end":{"line":120,"column":5}},"type":"if","locations":[{"start":{"line":116,"column":4},"end":{"line":120,"column":5}},{"start":{"line":118,"column":11},"end":{"line":120,"column":5}}],"line":116},"21":{"loc":{"start":{"line":116,"column":8},"end":{"line":116,"column":123}},"type":"binary-expr","locations":[{"start":{"line":116,"column":8},"end":{"line":116,"column":26}},{"start":{"line":116,"column":30},"end":{"line":116,"column":76}},{"start":{"line":116,"column":80},"end":{"line":116,"column":123}}],"line":116},"22":{"loc":{"start":{"line":119,"column":24},"end":{"line":119,"column":86}},"type":"binary-expr","locations":[{"start":{"line":119,"column":24},"end":{"line":119,"column":35}},{"start":{"line":119,"column":39},"end":{"line":119,"column":86}}],"line":119},"23":{"loc":{"start":{"line":132,"column":15},"end":{"line":132,"column":76}},"type":"cond-expr","locations":[{"start":{"line":132,"column":35},"end":{"line":132,"column":53}},{"start":{"line":132,"column":56},"end":{"line":132,"column":76}}],"line":132},"24":{"loc":{"start":{"line":152,"column":13},"end":{"line":152,"column":77}},"type":"binary-expr","locations":[{"start":{"line":152,"column":13},"end":{"line":152,"column":24}},{"start":{"line":152,"column":28},"end":{"line":152,"column":77}}],"line":152},"25":{"loc":{"start":{"line":167,"column":13},"end":{"line":167,"column":89}},"type":"binary-expr","locations":[{"start":{"line":167,"column":13},"end":{"line":167,"column":30}},{"start":{"line":167,"column":34},"end":{"line":167,"column":89}}],"line":167},"26":{"loc":{"start":{"line":227,"column":13},"end":{"line":227,"column":81}},"type":"binary-expr","locations":[{"start":{"line":227,"column":13},"end":{"line":227,"column":26}},{"start":{"line":227,"column":30},"end":{"line":227,"column":81}}],"line":227},"27":{"loc":{"start":{"line":237,"column":24},"end":{"line":237,"column":69}},"type":"binary-expr","locations":[{"start":{"line":237,"column":24},"end":{"line":237,"column":36}},{"start":{"line":237,"column":40},"end":{"line":237,"column":69}}],"line":237},"28":{"loc":{"start":{"line":240,"column":15},"end":{"line":240,"column":83}},"type":"cond-expr","locations":[{"start":{"line":240,"column":30},"end":{"line":240,"column":41}},{"start":{"line":240,"column":44},"end":{"line":240,"column":83}}],"line":240},"29":{"loc":{"start":{"line":240,"column":44},"end":{"line":240,"column":83}},"type":"cond-expr","locations":[{"start":{"line":240,"column":64},"end":{"line":240,"column":72}},{"start":{"line":240,"column":75},"end":{"line":240,"column":83}}],"line":240},"30":{"loc":{"start":{"line":262,"column":15},"end":{"line":262,"column":39}},"type":"cond-expr","locations":[{"start":{"line":262,"column":28},"end":{"line":262,"column":32}},{"start":{"line":262,"column":35},"end":{"line":262,"column":39}}],"line":262},"31":{"loc":{"start":{"line":263,"column":22},"end":{"line":263,"column":37}},"type":"binary-expr","locations":[{"start":{"line":263,"column":22},"end":{"line":263,"column":31}},{"start":{"line":263,"column":35},"end":{"line":263,"column":37}}],"line":263}},"s":{"0":1,"1":24,"2":24,"3":24,"4":24,"5":24,"6":24,"7":24,"8":24,"9":24,"10":24,"11":24,"12":24,"13":8,"14":8,"15":24,"16":8,"17":0,"18":0,"19":8,"20":8,"21":8,"22":24,"23":8,"24":2,"25":2,"26":2,"27":2,"28":2,"29":2,"30":24,"31":13,"32":13,"33":5,"34":0,"35":5,"36":0,"37":13,"38":0,"39":0,"40":0,"41":0,"42":13,"43":3,"44":13,"45":24,"46":0,"47":0,"48":0,"49":0,"50":0,"51":0,"52":0,"53":0,"54":0,"55":0,"56":0,"57":0,"58":0,"59":0,"60":0,"61":0,"62":0,"63":0,"64":0,"65":0,"66":0,"67":24,"68":24,"69":3,"70":0,"71":0,"72":96,"73":0,"74":0,"75":1152,"76":0,"77":1152,"78":1,"79":48,"80":48,"81":48,"82":1152,"83":1152,"84":48,"85":1,"86":2304,"87":2304,"88":2304,"89":2304,"90":2304},"f":{"0":24,"1":8,"2":8,"3":0,"4":8,"5":8,"6":13,"7":0,"8":3,"9":0,"10":0,"11":96,"12":0,"13":0,"14":1152,"15":0,"16":1152,"17":48,"18":2304},"b":{"0":[24,0],"1":[8,0],"2":[0,0],"3":[2,6],"4":[2,0],"5":[2,2],"6":[2,0],"7":[2,0],"8":[2,2],"9":[5,8],"10":[0,5],"11":[0,5],"12":[0,13],"13":[0,0],"14":[0,0],"15":[3,10],"16":[13,3,3],"17":[0,0],"18":[0,0,0,0],"19":[0,0],"20":[0,0],"21":[0,0,0],"22":[0,0],"23":[8,16],"24":[24,0],"25":[24,0],"26":[24,4],"27":[24,24],"28":[0,24],"29":[8,16],"30":[1152,1152],"31":[2304,192]},"_coverageSchema":"1a1c01bbd47fc00a2c39e90264f33305004495a9","hash":"1f8680a2225dc6fa455c4e86ef91e3a8e3f34a9e"}
,"C:\\Users\\ragul.n_disprz\\calender_app\\Frontend\\react_frontend\\src\\components\\CalendarViewSelector.js": {"path":"C:\\Users\\ragul.n_disprz\\calender_app\\Frontend\\react_frontend\\src\\components\\CalendarViewSelector.js","statementMap":{"0":{"start":{"line":4,"column":29},"end":{"line":27,"column":1}},"1":{"start":{"line":5,"column":2},"end":{"line":26,"column":4}},"2":{"start":{"line":9,"column":23},"end":{"line":9,"column":42}},"3":{"start":{"line":15,"column":23},"end":{"line":15,"column":43}},"4":{"start":{"line":21,"column":23},"end":{"line":21,"column":44}}},"fnMap":{"0":{"name":"(anonymous_0)","decl":{"start":{"line":4,"column":29},"end":{"line":4,"column":30}},"loc":{"start":{"line":4,"column":64},"end":{"line":27,"column":1}},"line":4},"1":{"name":"(anonymous_1)","decl":{"start":{"line":9,"column":17},"end":{"line":9,"column":18}},"loc":{"start":{"line":9,"column":23},"end":{"line":9,"column":42}},"line":9},"2":{"name":"(anonymous_2)","decl":{"start":{"line":15,"column":17},"end":{"line":15,"column":18}},"loc":{"start":{"line":15,"column":23},"end":{"line":15,"column":43}},"line":15},"3":{"name":"(anonymous_3)","decl":{"start":{"line":21,"column":17},"end":{"line":21,"column":18}},"loc":{"start":{"line":21,"column":23},"end":{"line":21,"column":44}},"line":21}},"branchMap":{"0":{"loc":{"start":{"line":8,"column":31},"end":{"line":8,"column":68}},"type":"cond-expr","locations":[{"start":{"line":8,"column":55},"end":{"line":8,"column":63}},{"start":{"line":8,"column":66},"end":{"line":8,"column":68}}],"line":8},"1":{"loc":{"start":{"line":14,"column":31},"end":{"line":14,"column":69}},"type":"cond-expr","locations":[{"start":{"line":14,"column":56},"end":{"line":14,"column":64}},{"start":{"line":14,"column":67},"end":{"line":14,"column":69}}],"line":14},"2":{"loc":{"start":{"line":20,"column":31},"end":{"line":20,"column":70}},"type":"cond-expr","locations":[{"start":{"line":20,"column":57},"end":{"line":20,"column":65}},{"start":{"line":20,"column":68},"end":{"line":20,"column":70}}],"line":20}},"s":{"0":1,"1":10,"2":3,"3":2,"4":2},"f":{"0":10,"1":3,"2":2,"3":2},"b":{"0":[6,4],"1":[2,8],"2":[1,9]},"_coverageSchema":"1a1c01bbd47fc00a2c39e90264f33305004495a9","hash":"77f16b1409435096c61fe89512ae8a04d5e6248e"}
,"C:\\Users\\ragul.n_disprz\\calender_app\\Frontend\\react_frontend\\src\\components\\ThemeToggle.js": {"path":"C:\\Users\\ragul.n_disprz\\calender_app\\Frontend\\react_frontend\\src\\components\\ThemeToggle.js","statementMap":{"0":{"start":{"line":4,"column":20},"end":{"line":24,"column":1}},"1":{"start":{"line":5,"column":2},"end":{"line":23,"column":4}}},"fnMap":{"0":{"name":"(anonymous_0)","decl":{"start":{"line":4,"column":20},"end":{"line":4,"column":21}},"loc":{"start":{"line":4,"column":54},"end":{"line":24,"column":1}},"line":4}},"branchMap":{"0":{"loc":{"start":{"line":18,"column":13},"end":{"line":18,"column":35}},"type":"cond-expr","locations":[{"start":{"line":18,"column":24},"end":{"line":18,"column":28}},{"start":{"line":18,"column":31},"end":{"line":18,"column":35}}],"line":18}},"s":{"0":1,"1":6},"f":{"0":6},"b":{"0":[2,4]},"_coverageSchema":"1a1c01bbd47fc00a2c39e90264f33305004495a9","hash":"e55f319fdfc7a53723c1d991bd4d937dc228b520"}
,"C:\\Users\\ragul.n_disprz\\calender_app\\Frontend\\react_frontend\\src\\components\\TimeSlotGrid.jsx": {"path":"C:\\Users\\ragul.n_disprz\\calender_app\\Frontend\\react_frontend\\src\\components\\TimeSlotGrid.jsx","statementMap":{"0":{"start":{"line":4,"column":21},"end":{"line":14,"column":1}},"1":{"start":{"line":5,"column":33},"end":{"line":5,"column":68}},"2":{"start":{"line":7,"column":2},"end":{"line":13,"column":3}},"3":{"start":{"line":8,"column":4},"end":{"line":8,"column":96}},"4":{"start":{"line":9,"column":9},"end":{"line":13,"column":3}},"5":{"start":{"line":10,"column":4},"end":{"line":10,"column":97}},"6":{"start":{"line":12,"column":4},"end":{"line":12,"column":95}},"7":{"start":{"line":18,"column":2},"end":{"line":25,"column":5}},"8":{"start":{"line":19,"column":18},"end":{"line":19,"column":41}},"9":{"start":{"line":20,"column":17},"end":{"line":20,"column":50}},"10":{"start":{"line":21,"column":18},"end":{"line":21,"column":62}},"11":{"start":{"line":22,"column":17},"end":{"line":22,"column":63}},"12":{"start":{"line":23,"column":17},"end":{"line":23,"column":35}},"13":{"start":{"line":24,"column":4},"end":{"line":24,"column":34}},"14":{"start":{"line":29,"column":22},"end":{"line":82,"column":1}},"15":{"start":{"line":30,"column":20},"end":{"line":30,"column":22}},"16":{"start":{"line":31,"column":2},"end":{"line":35,"column":3}},"17":{"start":{"line":31,"column":18},"end":{"line":31,"column":19}},"18":{"start":{"line":32,"column":15},"end":{"line":32,"column":47}},"19":{"start":{"line":33,"column":4},"end":{"line":33,"column":31}},"20":{"start":{"line":34,"column":4},"end":{"line":34,"column":31}},"21":{"start":{"line":37,"column":21},"end":{"line":37,"column":61}},"22":{"start":{"line":38,"column":29},"end":{"line":38,"column":78}},"23":{"start":{"line":38,"column":56},"end":{"line":38,"column":77}},"24":{"start":{"line":40,"column":21},"end":{"line":48,"column":3}},"25":{"start":{"line":41,"column":4},"end":{"line":41,"column":23}},"26":{"start":{"line":42,"column":4},"end":{"line":42,"column":41}},"27":{"start":{"line":43,"column":26},"end":{"line":43,"column":65}},"28":{"start":{"line":44,"column":4},"end":{"line":47,"column":5}},"29":{"start":{"line":46,"column":6},"end":{"line":46,"column":60}},"30":{"start":{"line":50,"column":2},"end":{"line":81,"column":4}},"31":{"start":{"line":53,"column":28},"end":{"line":53,"column":83}},"32":{"start":{"line":53,"column":61},"end":{"line":53,"column":82}},"33":{"start":{"line":54,"column":8},"end":{"line":78,"column":10}},"34":{"start":{"line":58,"column":27},"end":{"line":58,"column":61}},"35":{"start":{"line":60,"column":14},"end":{"line":60,"column":33}},"36":{"start":{"line":61,"column":14},"end":{"line":61,"column":48}},"37":{"start":{"line":63,"column":32},"end":{"line":63,"column":68}},"38":{"start":{"line":64,"column":27},"end":{"line":64,"column":50}},"39":{"start":{"line":71,"column":36},"end":{"line":71,"column":91}},"40":{"start":{"line":85,"column":23},"end":{"line":157,"column":1}},"41":{"start":{"line":86,"column":22},"end":{"line":86,"column":44}},"42":{"start":{"line":87,"column":2},"end":{"line":87,"column":70}},"43":{"start":{"line":89,"column":19},"end":{"line":89,"column":21}},"44":{"start":{"line":90,"column":2},"end":{"line":94,"column":3}},"45":{"start":{"line":90,"column":15},"end":{"line":90,"column":16}},"46":{"start":{"line":91,"column":16},"end":{"line":91,"column":37}},"47":{"start":{"line":92,"column":4},"end":{"line":92,"column":43}},"48":{"start":{"line":93,"column":4},"end":{"line":93,"column":23}},"49":{"start":{"line":96,"column":20},"end":{"line":96,"column":22}},"50":{"start":{"line":97,"column":2},"end":{"line":100,"column":3}},"51":{"start":{"line":97,"column":18},"end":{"line":97,"column":19}},"52":{"start":{"line":98,"column":15},"end":{"line":98,"column":47}},"53":{"start":{"line":99,"column":4},"end":{"line":99,"column":31}},"54":{"start":{"line":102,"column":21},"end":{"line":109,"column":3}},"55":{"start":{"line":103,"column":4},"end":{"line":103,"column":23}},"56":{"start":{"line":104,"column":4},"end":{"line":104,"column":41}},"57":{"start":{"line":105,"column":26},"end":{"line":105,"column":65}},"58":{"start":{"line":106,"column":4},"end":{"line":108,"column":5}},"59":{"start":{"line":107,"column":6},"end":{"line":107,"column":60}},"60":{"start":{"line":111,"column":2},"end":{"line":156,"column":4}},"61":{"start":{"line":116,"column":10},"end":{"line":119,"column":16}},"62":{"start":{"line":125,"column":10},"end":{"line":152,"column":16}},"63":{"start":{"line":128,"column":33},"end":{"line":128,"column":64}},"64":{"start":{"line":129,"column":34},"end":{"line":129,"column":104}},"65":{"start":{"line":129,"column":59},"end":{"line":129,"column":103}},"66":{"start":{"line":131,"column":14},"end":{"line":150,"column":16}},"67":{"start":{"line":135,"column":33},"end":{"line":135,"column":67}},"68":{"start":{"line":136,"column":39},"end":{"line":136,"column":58}},"69":{"start":{"line":136,"column":59},"end":{"line":136,"column":93}},"70":{"start":{"line":137,"column":38},"end":{"line":137,"column":74}},"71":{"start":{"line":138,"column":33},"end":{"line":138,"column":68}},"72":{"start":{"line":144,"column":42},"end":{"line":144,"column":97}},"73":{"start":{"line":160,"column":24},"end":{"line":240,"column":1}},"74":{"start":{"line":161,"column":15},"end":{"line":161,"column":41}},"75":{"start":{"line":162,"column":16},"end":{"line":162,"column":39}},"76":{"start":{"line":163,"column":19},"end":{"line":163,"column":43}},"77":{"start":{"line":164,"column":18},"end":{"line":164,"column":46}},"78":{"start":{"line":165,"column":25},"end":{"line":165,"column":42}},"79":{"start":{"line":166,"column":20},"end":{"line":166,"column":22}},"80":{"start":{"line":168,"column":23},"end":{"line":168,"column":25}},"81":{"start":{"line":170,"column":28},"end":{"line":170,"column":62}},"82":{"start":{"line":171,"column":2},"end":{"line":174,"column":3}},"83":{"start":{"line":171,"column":15},"end":{"line":171,"column":16}},"84":{"start":{"line":172,"column":19},"end":{"line":172,"column":61}},"85":{"start":{"line":173,"column":4},"end":{"line":173,"column":90}},"86":{"start":{"line":176,"column":2},"end":{"line":178,"column":3}},"87":{"start":{"line":176,"column":15},"end":{"line":176,"column":16}},"88":{"start":{"line":177,"column":4},"end":{"line":177,"column":80}},"89":{"start":{"line":180,"column":24},"end":{"line":180,"column":55}},"90":{"start":{"line":181,"column":2},"end":{"line":183,"column":3}},"91":{"start":{"line":181,"column":15},"end":{"line":181,"column":16}},"92":{"start":{"line":182,"column":4},"end":{"line":182,"column":85}},"93":{"start":{"line":185,"column":23},"end":{"line":185,"column":72}},"94":{"start":{"line":187,"column":32},"end":{"line":196,"column":3}},"95":{"start":{"line":188,"column":4},"end":{"line":188,"column":23}},"96":{"start":{"line":189,"column":4},"end":{"line":189,"column":41}},"97":{"start":{"line":190,"column":26},"end":{"line":190,"column":65}},"98":{"start":{"line":191,"column":4},"end":{"line":191,"column":53}},"99":{"start":{"line":191,"column":46},"end":{"line":191,"column":53}},"100":{"start":{"line":193,"column":17},"end":{"line":193,"column":81}},"101":{"start":{"line":193,"column":42},"end":{"line":193,"column":80}},"102":{"start":{"line":194,"column":22},"end":{"line":194,"column":48}},"103":{"start":{"line":195,"column":4},"end":{"line":195,"column":60}},"104":{"start":{"line":198,"column":2},"end":{"line":239,"column":4}},"105":{"start":{"line":201,"column":39},"end":{"line":201,"column":91}},"106":{"start":{"line":206,"column":29},"end":{"line":206,"column":68}},"107":{"start":{"line":207,"column":37},"end":{"line":207,"column":90}},"108":{"start":{"line":207,"column":66},"end":{"line":207,"column":89}},"109":{"start":{"line":209,"column":10},"end":{"line":235,"column":12}},"110":{"start":{"line":213,"column":29},"end":{"line":213,"column":52}},"111":{"start":{"line":214,"column":35},"end":{"line":214,"column":54}},"112":{"start":{"line":214,"column":55},"end":{"line":214,"column":89}},"113":{"start":{"line":215,"column":34},"end":{"line":215,"column":70}},"114":{"start":{"line":216,"column":29},"end":{"line":216,"column":65}},"115":{"start":{"line":222,"column":18},"end":{"line":230,"column":24}},"116":{"start":{"line":225,"column":38},"end":{"line":225,"column":58}},"117":{"start":{"line":225,"column":59},"end":{"line":225,"column":102}},"118":{"start":{"line":227,"column":40},"end":{"line":227,"column":95}},"119":{"start":{"line":243,"column":32},"end":{"line":243,"column":48}},"120":{"start":{"line":243,"column":41},"end":{"line":243,"column":48}},"121":{"start":{"line":243,"column":49},"end":{"line":243,"column":79}},"122":{"start":{"line":244,"column":35},"end":{"line":244,"column":51}},"123":{"start":{"line":244,"column":44},"end":{"line":244,"column":51}},"124":{"start":{"line":244,"column":52},"end":{"line":244,"column":85}}},"fnMap":{"0":{"name":"(anonymous_0)","decl":{"start":{"line":4,"column":21},"end":{"line":4,"column":22}},"loc":{"start":{"line":4,"column":95},"end":{"line":14,"column":1}},"line":4},"1":{"name":"normalizeAppointments","decl":{"start":{"line":17,"column":9},"end":{"line":17,"column":30}},"loc":{"start":{"line":17,"column":38},"end":{"line":26,"column":1}},"line":17},"2":{"name":"(anonymous_2)","decl":{"start":{"line":18,"column":19},"end":{"line":18,"column":20}},"loc":{"start":{"line":18,"column":28},"end":{"line":25,"column":3}},"line":18},"3":{"name":"(anonymous_3)","decl":{"start":{"line":29,"column":22},"end":{"line":29,"column":23}},"loc":{"start":{"line":29,"column":86},"end":{"line":82,"column":1}},"line":29},"4":{"name":"(anonymous_4)","decl":{"start":{"line":38,"column":49},"end":{"line":38,"column":50}},"loc":{"start":{"line":38,"column":56},"end":{"line":38,"column":77}},"line":38},"5":{"name":"(anonymous_5)","decl":{"start":{"line":40,"column":21},"end":{"line":40,"column":22}},"loc":{"start":{"line":40,"column":37},"end":{"line":48,"column":3}},"line":40},"6":{"name":"(anonymous_6)","decl":{"start":{"line":52,"column":21},"end":{"line":52,"column":22}},"loc":{"start":{"line":52,"column":35},"end":{"line":79,"column":7}},"line":52},"7":{"name":"(anonymous_7)","decl":{"start":{"line":53,"column":52},"end":{"line":53,"column":53}},"loc":{"start":{"line":53,"column":61},"end":{"line":53,"column":82}},"line":53},"8":{"name":"(anonymous_8)","decl":{"start":{"line":58,"column":21},"end":{"line":58,"column":22}},"loc":{"start":{"line":58,"column":27},"end":{"line":58,"column":61}},"line":58},"9":{"name":"(anonymous_9)","decl":{"start":{"line":59,"column":24},"end":{"line":59,"column":25}},"loc":{"start":{"line":59,"column":31},"end":{"line":62,"column":13}},"line":59},"10":{"name":"(anonymous_10)","decl":{"start":{"line":63,"column":25},"end":{"line":63,"column":26}},"loc":{"start":{"line":63,"column":32},"end":{"line":63,"column":68}},"line":63},"11":{"name":"(anonymous_11)","decl":{"start":{"line":64,"column":20},"end":{"line":64,"column":21}},"loc":{"start":{"line":64,"column":27},"end":{"line":64,"column":50}},"line":64},"12":{"name":"(anonymous_12)","decl":{"start":{"line":71,"column":29},"end":{"line":71,"column":30}},"loc":{"start":{"line":71,"column":36},"end":{"line":71,"column":91}},"line":71},"13":{"name":"(anonymous_13)","decl":{"start":{"line":85,"column":23},"end":{"line":85,"column":24}},"loc":{"start":{"line":85,"column":87},"end":{"line":157,"column":1}},"line":85},"14":{"name":"(anonymous_14)","decl":{"start":{"line":102,"column":21},"end":{"line":102,"column":22}},"loc":{"start":{"line":102,"column":49},"end":{"line":109,"column":3}},"line":102},"15":{"name":"(anonymous_15)","decl":{"start":{"line":115,"column":22},"end":{"line":115,"column":23}},"loc":{"start":{"line":116,"column":10},"end":{"line":119,"column":16}},"line":116},"16":{"name":"(anonymous_16)","decl":{"start":{"line":124,"column":23},"end":{"line":124,"column":24}},"loc":{"start":{"line":125,"column":10},"end":{"line":152,"column":16}},"line":125},"17":{"name":"(anonymous_17)","decl":{"start":{"line":127,"column":26},"end":{"line":127,"column":27}},"loc":{"start":{"line":127,"column":42},"end":{"line":151,"column":13}},"line":127},"18":{"name":"(anonymous_18)","decl":{"start":{"line":129,"column":52},"end":{"line":129,"column":53}},"loc":{"start":{"line":129,"column":59},"end":{"line":129,"column":103}},"line":129},"19":{"name":"(anonymous_19)","decl":{"start":{"line":135,"column":27},"end":{"line":135,"column":28}},"loc":{"start":{"line":135,"column":33},"end":{"line":135,"column":67}},"line":135},"20":{"name":"(anonymous_20)","decl":{"start":{"line":136,"column":30},"end":{"line":136,"column":31}},"loc":{"start":{"line":136,"column":37},"end":{"line":136,"column":95}},"line":136},"21":{"name":"(anonymous_21)","decl":{"start":{"line":137,"column":31},"end":{"line":137,"column":32}},"loc":{"start":{"line":137,"column":38},"end":{"line":137,"column":74}},"line":137},"22":{"name":"(anonymous_22)","decl":{"start":{"line":138,"column":26},"end":{"line":138,"column":27}},"loc":{"start":{"line":138,"column":33},"end":{"line":138,"column":68}},"line":138},"23":{"name":"(anonymous_23)","decl":{"start":{"line":144,"column":35},"end":{"line":144,"column":36}},"loc":{"start":{"line":144,"column":42},"end":{"line":144,"column":97}},"line":144},"24":{"name":"(anonymous_24)","decl":{"start":{"line":160,"column":24},"end":{"line":160,"column":25}},"loc":{"start":{"line":160,"column":88},"end":{"line":240,"column":1}},"line":160},"25":{"name":"(anonymous_25)","decl":{"start":{"line":187,"column":32},"end":{"line":187,"column":33}},"loc":{"start":{"line":187,"column":51},"end":{"line":196,"column":3}},"line":187},"26":{"name":"(anonymous_26)","decl":{"start":{"line":193,"column":35},"end":{"line":193,"column":36}},"loc":{"start":{"line":193,"column":42},"end":{"line":193,"column":80}},"line":193},"27":{"name":"(anonymous_27)","decl":{"start":{"line":201,"column":26},"end":{"line":201,"column":27}},"loc":{"start":{"line":201,"column":39},"end":{"line":201,"column":91}},"line":201},"28":{"name":"(anonymous_28)","decl":{"start":{"line":205,"column":26},"end":{"line":205,"column":27}},"loc":{"start":{"line":205,"column":45},"end":{"line":236,"column":9}},"line":205},"29":{"name":"(anonymous_29)","decl":{"start":{"line":207,"column":57},"end":{"line":207,"column":58}},"loc":{"start":{"line":207,"column":66},"end":{"line":207,"column":89}},"line":207},"30":{"name":"(anonymous_30)","decl":{"start":{"line":213,"column":23},"end":{"line":213,"column":24}},"loc":{"start":{"line":213,"column":29},"end":{"line":213,"column":52}},"line":213},"31":{"name":"(anonymous_31)","decl":{"start":{"line":214,"column":26},"end":{"line":214,"column":27}},"loc":{"start":{"line":214,"column":33},"end":{"line":214,"column":91}},"line":214},"32":{"name":"(anonymous_32)","decl":{"start":{"line":215,"column":27},"end":{"line":215,"column":28}},"loc":{"start":{"line":215,"column":34},"end":{"line":215,"column":70}},"line":215},"33":{"name":"(anonymous_33)","decl":{"start":{"line":216,"column":22},"end":{"line":216,"column":23}},"loc":{"start":{"line":216,"column":29},"end":{"line":216,"column":65}},"line":216},"34":{"name":"(anonymous_34)","decl":{"start":{"line":221,"column":52},"end":{"line":221,"column":53}},"loc":{"start":{"line":222,"column":18},"end":{"line":230,"column":24}},"line":222},"35":{"name":"(anonymous_35)","decl":{"start":{"line":225,"column":29},"end":{"line":225,"column":30}},"loc":{"start":{"line":225,"column":36},"end":{"line":225,"column":104}},"line":225},"36":{"name":"(anonymous_36)","decl":{"start":{"line":227,"column":33},"end":{"line":227,"column":34}},"loc":{"start":{"line":227,"column":40},"end":{"line":227,"column":95}},"line":227},"37":{"name":"addDragOverClass","decl":{"start":{"line":243,"column":9},"end":{"line":243,"column":25}},"loc":{"start":{"line":243,"column":30},"end":{"line":243,"column":81}},"line":243},"38":{"name":"removeDragOverClass","decl":{"start":{"line":244,"column":9},"end":{"line":244,"column":28}},"loc":{"start":{"line":244,"column":33},"end":{"line":244,"column":87}},"line":244}},"branchMap":{"0":{"loc":{"start":{"line":7,"column":2},"end":{"line":13,"column":3}},"type":"if","locations":[{"start":{"line":7,"column":2},"end":{"line":13,"column":3}},{"start":{"line":9,"column":9},"end":{"line":13,"column":3}}],"line":7},"1":{"loc":{"start":{"line":9,"column":9},"end":{"line":13,"column":3}},"type":"if","locations":[{"start":{"line":9,"column":9},"end":{"line":13,"column":3}},{"start":{"line":11,"column":9},"end":{"line":13,"column":3}}],"line":9},"2":{"loc":{"start":{"line":44,"column":4},"end":{"line":47,"column":5}},"type":"if","locations":[{"start":{"line":44,"column":4},"end":{"line":47,"column":5}},{"start":{},"end":{}}],"line":44},"3":{"loc":{"start":{"line":44,"column":8},"end":{"line":44,"column":42}},"type":"binary-expr","locations":[{"start":{"line":44,"column":8},"end":{"line":44,"column":21}},{"start":{"line":44,"column":25},"end":{"line":44,"column":42}}],"line":44},"4":{"loc":{"start":{"line":57,"column":36},"end":{"line":57,"column":115}},"type":"cond-expr","locations":[{"start":{"line":57,"column":50},"end":{"line":57,"column":110}},{"start":{"line":57,"column":113},"end":{"line":57,"column":115}}],"line":57},"5":{"loc":{"start":{"line":57,"column":66},"end":{"line":57,"column":93}},"type":"binary-expr","locations":[{"start":{"line":57,"column":66},"end":{"line":57,"column":82}},{"start":{"line":57,"column":86},"end":{"line":57,"column":93}}],"line":57},"6":{"loc":{"start":{"line":67,"column":13},"end":{"line":76,"column":13}},"type":"binary-expr","locations":[{"start":{"line":67,"column":13},"end":{"line":67,"column":24}},{"start":{"line":68,"column":14},"end":{"line":75,"column":20}}],"line":67},"7":{"loc":{"start":{"line":74,"column":17},"end":{"line":74,"column":116}},"type":"binary-expr","locations":[{"start":{"line":74,"column":17},"end":{"line":74,"column":40}},{"start":{"line":74,"column":44},"end":{"line":74,"column":116}}],"line":74},"8":{"loc":{"start":{"line":106,"column":4},"end":{"line":108,"column":5}},"type":"if","locations":[{"start":{"line":106,"column":4},"end":{"line":108,"column":5}},{"start":{},"end":{}}],"line":106},"9":{"loc":{"start":{"line":106,"column":8},"end":{"line":106,"column":42}},"type":"binary-expr","locations":[{"start":{"line":106,"column":8},"end":{"line":106,"column":21}},{"start":{"line":106,"column":25},"end":{"line":106,"column":42}}],"line":106},"10":{"loc":{"start":{"line":129,"column":59},"end":{"line":129,"column":103}},"type":"binary-expr","locations":[{"start":{"line":129,"column":59},"end":{"line":129,"column":80}},{"start":{"line":129,"column":84},"end":{"line":129,"column":103}}],"line":129},"11":{"loc":{"start":{"line":134,"column":42},"end":{"line":134,"column":121}},"type":"cond-expr","locations":[{"start":{"line":134,"column":56},"end":{"line":134,"column":116}},{"start":{"line":134,"column":119},"end":{"line":134,"column":121}}],"line":134},"12":{"loc":{"start":{"line":134,"column":72},"end":{"line":134,"column":99}},"type":"binary-expr","locations":[{"start":{"line":134,"column":72},"end":{"line":134,"column":88}},{"start":{"line":134,"column":92},"end":{"line":134,"column":99}}],"line":134},"13":{"loc":{"start":{"line":140,"column":19},"end":{"line":148,"column":19}},"type":"binary-expr","locations":[{"start":{"line":140,"column":19},"end":{"line":140,"column":30}},{"start":{"line":141,"column":20},"end":{"line":147,"column":26}}],"line":140},"14":{"loc":{"start":{"line":191,"column":4},"end":{"line":191,"column":53}},"type":"if","locations":[{"start":{"line":191,"column":4},"end":{"line":191,"column":53}},{"start":{},"end":{}}],"line":191},"15":{"loc":{"start":{"line":191,"column":8},"end":{"line":191,"column":44}},"type":"binary-expr","locations":[{"start":{"line":191,"column":8},"end":{"line":191,"column":22}},{"start":{"line":191,"column":26},"end":{"line":191,"column":44}}],"line":191},"16":{"loc":{"start":{"line":194,"column":22},"end":{"line":194,"column":48}},"type":"cond-expr","locations":[{"start":{"line":194,"column":29},"end":{"line":194,"column":38}},{"start":{"line":194,"column":41},"end":{"line":194,"column":48}}],"line":194},"17":{"loc":{"start":{"line":212,"column":39},"end":{"line":212,"column":82}},"type":"cond-expr","locations":[{"start":{"line":212,"column":64},"end":{"line":212,"column":77}},{"start":{"line":212,"column":80},"end":{"line":212,"column":82}}],"line":212},"18":{"loc":{"start":{"line":224,"column":65},"end":{"line":224,"column":92}},"type":"binary-expr","locations":[{"start":{"line":224,"column":65},"end":{"line":224,"column":81}},{"start":{"line":224,"column":85},"end":{"line":224,"column":92}}],"line":224},"19":{"loc":{"start":{"line":232,"column":17},"end":{"line":232,"column":128}},"type":"binary-expr","locations":[{"start":{"line":232,"column":17},"end":{"line":232,"column":46}},{"start":{"line":232,"column":50},"end":{"line":232,"column":128}}],"line":232},"20":{"loc":{"start":{"line":243,"column":32},"end":{"line":243,"column":48}},"type":"if","locations":[{"start":{"line":243,"column":32},"end":{"line":243,"column":48}},{"start":{},"end":{}}],"line":243},"21":{"loc":{"start":{"line":244,"column":35},"end":{"line":244,"column":51}},"type":"if","locations":[{"start":{"line":244,"column":35},"end":{"line":244,"column":51}},{"start":{},"end":{}}],"line":244}},"s":{"0":1,"1":11,"2":11,"3":1,"4":10,"5":1,"6":9,"7":11,"8":20,"9":20,"10":20,"11":20,"12":20,"13":20,"14":1,"15":9,"16":9,"17":9,"18":216,"19":216,"20":216,"21":9,"22":9,"23":16,"24":9,"25":1,"26":1,"27":1,"28":0,"29":0,"30":9,"31":432,"32":760,"33":432,"34":1,"35":0,"36":0,"37":0,"38":1,"39":0,"40":1,"41":1,"42":1,"43":1,"44":1,"45":1,"46":7,"47":7,"48":7,"49":1,"50":1,"51":1,"52":24,"53":24,"54":1,"55":0,"56":0,"57":0,"58":0,"59":0,"60":1,"61":7,"62":24,"63":168,"64":168,"65":336,"66":168,"67":0,"68":0,"69":0,"70":0,"71":0,"72":0,"73":1,"74":1,"75":1,"76":1,"77":1,"78":1,"79":1,"80":1,"81":1,"82":1,"83":1,"84":1,"85":1,"86":1,"87":1,"88":30,"89":1,"90":1,"91":1,"92":4,"93":1,"94":1,"95":0,"96":0,"97":0,"98":0,"99":0,"100":0,"101":0,"102":0,"103":0,"104":1,"105":7,"106":35,"107":35,"108":70,"109":35,"110":0,"111":0,"112":0,"113":0,"114":0,"115":2,"116":0,"117":0,"118":0,"119":0,"120":0,"121":0,"122":1,"123":0,"124":1},"f":{"0":11,"1":11,"2":20,"3":9,"4":16,"5":1,"6":432,"7":760,"8":1,"9":0,"10":0,"11":1,"12":0,"13":1,"14":0,"15":7,"16":24,"17":168,"18":336,"19":0,"20":0,"21":0,"22":0,"23":0,"24":1,"25":0,"26":0,"27":7,"28":35,"29":70,"30":0,"31":0,"32":0,"33":0,"34":2,"35":0,"36":0,"37":0,"38":1},"b":{"0":[1,10],"1":[1,9],"2":[0,0],"3":[0,0],"4":[16,416],"5":[16,2],"6":[432,16],"7":[16,0],"8":[0,0],"9":[0,0],"10":[336,48],"11":[0,168],"12":[0,0],"13":[168,0],"14":[0,0],"15":[0,0],"16":[0,0],"17":[5,30],"18":[2,0],"19":[35,0],"20":[0,0],"21":[0,1]},"_coverageSchema":"1a1c01bbd47fc00a2c39e90264f33305004495a9","hash":"badb0a8b352bf7f85c0d149c80c1d5265f1f781a"}
,"C:\\Users\\ragul.n_disprz\\calender_app\\Frontend\\react_frontend\\src\\components\\UpcomingAppointments.jsx": {"path":"C:\\Users\\ragul.n_disprz\\calender_app\\Frontend\\react_frontend\\src\\components\\UpcomingAppointments.jsx","statementMap":{"0":{"start":{"line":5,"column":29},"end":{"line":191,"column":1}},"1":{"start":{"line":6,"column":42},"end":{"line":6,"column":54}},"2":{"start":{"line":7,"column":32},"end":{"line":7,"column":46}},"3":{"start":{"line":8,"column":28},"end":{"line":8,"column":40}},"4":{"start":{"line":9,"column":40},"end":{"line":9,"column":52}},"5":{"start":{"line":10,"column":42},"end":{"line":10,"column":54}},"6":{"start":{"line":11,"column":30},"end":{"line":11,"column":45}},"7":{"start":{"line":12,"column":40},"end":{"line":12,"column":67}},"8":{"start":{"line":15,"column":28},"end":{"line":31,"column":3}},"9":{"start":{"line":16,"column":4},"end":{"line":30,"column":5}},"10":{"start":{"line":17,"column":6},"end":{"line":17,"column":23}},"11":{"start":{"line":18,"column":19},"end":{"line":18,"column":52}},"12":{"start":{"line":19,"column":18},"end":{"line":19,"column":28}},"13":{"start":{"line":20,"column":23},"end":{"line":23,"column":8}},"14":{"start":{"line":21,"column":24},"end":{"line":21,"column":43}},"15":{"start":{"line":22,"column":8},"end":{"line":22,"column":46}},"16":{"start":{"line":24,"column":6},"end":{"line":24,"column":32}},"17":{"start":{"line":25,"column":6},"end":{"line":25,"column":24}},"18":{"start":{"line":27,"column":6},"end":{"line":27,"column":25}},"19":{"start":{"line":28,"column":6},"end":{"line":28,"column":57}},"20":{"start":{"line":29,"column":6},"end":{"line":29,"column":24}},"21":{"start":{"line":33,"column":2},"end":{"line":35,"column":23}},"22":{"start":{"line":34,"column":4},"end":{"line":34,"column":24}},"23":{"start":{"line":38,"column":2},"end":{"line":42,"column":9}},"24":{"start":{"line":39,"column":25},"end":{"line":39,"column":64}},"25":{"start":{"line":39,"column":31},"end":{"line":39,"column":64}},"26":{"start":{"line":40,"column":4},"end":{"line":40,"column":52}},"27":{"start":{"line":41,"column":4},"end":{"line":41,"column":68}},"28":{"start":{"line":41,"column":17},"end":{"line":41,"column":67}},"29":{"start":{"line":44,"column":23},"end":{"line":58,"column":3}},"30":{"start":{"line":45,"column":26},"end":{"line":47,"column":5}},"31":{"start":{"line":48,"column":4},"end":{"line":48,"column":31}},"32":{"start":{"line":48,"column":24},"end":{"line":48,"column":31}},"33":{"start":{"line":50,"column":4},"end":{"line":57,"column":5}},"34":{"start":{"line":51,"column":6},"end":{"line":51,"column":34}},"35":{"start":{"line":52,"column":6},"end":{"line":52,"column":26}},"36":{"start":{"line":53,"column":6},"end":{"line":53,"column":31}},"37":{"start":{"line":53,"column":20},"end":{"line":53,"column":31}},"38":{"start":{"line":55,"column":6},"end":{"line":55,"column":56}},"39":{"start":{"line":56,"column":6},"end":{"line":56,"column":63}},"40":{"start":{"line":61,"column":31},"end":{"line":79,"column":4}},"41":{"start":{"line":62,"column":18},"end":{"line":62,"column":47}},"42":{"start":{"line":63,"column":17},"end":{"line":63,"column":45}},"43":{"start":{"line":65,"column":6},"end":{"line":66,"column":46}},"44":{"start":{"line":68,"column":4},"end":{"line":68,"column":44}},"45":{"start":{"line":68,"column":23},"end":{"line":68,"column":44}},"46":{"start":{"line":70,"column":28},"end":{"line":70,"column":49}},"47":{"start":{"line":71,"column":21},"end":{"line":71,"column":43}},"48":{"start":{"line":73,"column":4},"end":{"line":78,"column":6}},"49":{"start":{"line":81,"column":19},"end":{"line":81,"column":60}},"50":{"start":{"line":82,"column":19},"end":{"line":82,"column":57}},"51":{"start":{"line":84,"column":2},"end":{"line":190,"column":4}},"52":{"start":{"line":88,"column":57},"end":{"line":88,"column":72}},"53":{"start":{"line":96,"column":25},"end":{"line":96,"column":40}},"54":{"start":{"line":112,"column":31},"end":{"line":112,"column":62}},"55":{"start":{"line":118,"column":31},"end":{"line":118,"column":50}},"56":{"start":{"line":129,"column":29},"end":{"line":129,"column":59}},"57":{"start":{"line":145,"column":16},"end":{"line":178,"column":21}},"58":{"start":{"line":167,"column":37},"end":{"line":167,"column":56}},"59":{"start":{"line":173,"column":37},"end":{"line":173,"column":55}},"60":{"start":{"line":187,"column":53},"end":{"line":187,"column":69}}},"fnMap":{"0":{"name":"(anonymous_0)","decl":{"start":{"line":5,"column":29},"end":{"line":5,"column":30}},"loc":{"start":{"line":5,"column":71},"end":{"line":191,"column":1}},"line":5},"1":{"name":"(anonymous_1)","decl":{"start":{"line":15,"column":28},"end":{"line":15,"column":29}},"loc":{"start":{"line":15,"column":40},"end":{"line":31,"column":3}},"line":15},"2":{"name":"(anonymous_2)","decl":{"start":{"line":20,"column":43},"end":{"line":20,"column":44}},"loc":{"start":{"line":20,"column":50},"end":{"line":23,"column":7}},"line":20},"3":{"name":"(anonymous_3)","decl":{"start":{"line":33,"column":12},"end":{"line":33,"column":13}},"loc":{"start":{"line":33,"column":18},"end":{"line":35,"column":3}},"line":33},"4":{"name":"(anonymous_4)","decl":{"start":{"line":38,"column":12},"end":{"line":38,"column":13}},"loc":{"start":{"line":38,"column":18},"end":{"line":42,"column":3}},"line":38},"5":{"name":"(anonymous_5)","decl":{"start":{"line":39,"column":25},"end":{"line":39,"column":26}},"loc":{"start":{"line":39,"column":31},"end":{"line":39,"column":64}},"line":39},"6":{"name":"(anonymous_6)","decl":{"start":{"line":41,"column":11},"end":{"line":41,"column":12}},"loc":{"start":{"line":41,"column":17},"end":{"line":41,"column":67}},"line":41},"7":{"name":"(anonymous_7)","decl":{"start":{"line":44,"column":23},"end":{"line":44,"column":24}},"loc":{"start":{"line":44,"column":37},"end":{"line":58,"column":3}},"line":44},"8":{"name":"(anonymous_8)","decl":{"start":{"line":61,"column":51},"end":{"line":61,"column":52}},"loc":{"start":{"line":61,"column":58},"end":{"line":79,"column":3}},"line":61},"9":{"name":"(anonymous_9)","decl":{"start":{"line":88,"column":51},"end":{"line":88,"column":52}},"loc":{"start":{"line":88,"column":57},"end":{"line":88,"column":72}},"line":88},"10":{"name":"(anonymous_10)","decl":{"start":{"line":96,"column":19},"end":{"line":96,"column":20}},"loc":{"start":{"line":96,"column":25},"end":{"line":96,"column":40}},"line":96},"11":{"name":"(anonymous_11)","decl":{"start":{"line":112,"column":24},"end":{"line":112,"column":25}},"loc":{"start":{"line":112,"column":31},"end":{"line":112,"column":62}},"line":112},"12":{"name":"(anonymous_12)","decl":{"start":{"line":118,"column":25},"end":{"line":118,"column":26}},"loc":{"start":{"line":118,"column":31},"end":{"line":118,"column":50}},"line":118},"13":{"name":"(anonymous_13)","decl":{"start":{"line":129,"column":22},"end":{"line":129,"column":23}},"loc":{"start":{"line":129,"column":29},"end":{"line":129,"column":59}},"line":129},"14":{"name":"(anonymous_14)","decl":{"start":{"line":144,"column":40},"end":{"line":144,"column":41}},"loc":{"start":{"line":145,"column":16},"end":{"line":178,"column":21}},"line":145},"15":{"name":"(anonymous_15)","decl":{"start":{"line":167,"column":31},"end":{"line":167,"column":32}},"loc":{"start":{"line":167,"column":37},"end":{"line":167,"column":56}},"line":167},"16":{"name":"(anonymous_16)","decl":{"start":{"line":173,"column":31},"end":{"line":173,"column":32}},"loc":{"start":{"line":173,"column":37},"end":{"line":173,"column":55}},"line":173},"17":{"name":"(anonymous_17)","decl":{"start":{"line":187,"column":47},"end":{"line":187,"column":48}},"loc":{"start":{"line":187,"column":53},"end":{"line":187,"column":69}},"line":187}},"branchMap":{"0":{"loc":{"start":{"line":20,"column":24},"end":{"line":20,"column":34}},"type":"binary-expr","locations":[{"start":{"line":20,"column":24},"end":{"line":20,"column":28}},{"start":{"line":20,"column":32},"end":{"line":20,"column":34}}],"line":20},"1":{"loc":{"start":{"line":22,"column":15},"end":{"line":22,"column":45}},"type":"binary-expr","locations":[{"start":{"line":22,"column":15},"end":{"line":22,"column":27}},{"start":{"line":22,"column":31},"end":{"line":22,"column":45}}],"line":22},"2":{"loc":{"start":{"line":48,"column":4},"end":{"line":48,"column":31}},"type":"if","locations":[{"start":{"line":48,"column":4},"end":{"line":48,"column":31}},{"start":{},"end":{}}],"line":48},"3":{"loc":{"start":{"line":53,"column":6},"end":{"line":53,"column":31}},"type":"if","locations":[{"start":{"line":53,"column":6},"end":{"line":53,"column":31}},{"start":{},"end":{}}],"line":53},"4":{"loc":{"start":{"line":62,"column":18},"end":{"line":62,"column":47}},"type":"binary-expr","locations":[{"start":{"line":62,"column":18},"end":{"line":62,"column":41}},{"start":{"line":62,"column":45},"end":{"line":62,"column":47}}],"line":62},"5":{"loc":{"start":{"line":63,"column":17},"end":{"line":63,"column":45}},"type":"binary-expr","locations":[{"start":{"line":63,"column":17},"end":{"line":63,"column":39}},{"start":{"line":63,"column":43},"end":{"line":63,"column":45}}],"line":63},"6":{"loc":{"start":{"line":65,"column":6},"end":{"line":66,"column":46}},"type":"binary-expr","locations":[{"start":{"line":65,"column":6},"end":{"line":65,"column":47}},{"start":{"line":66,"column":6},"end":{"line":66,"column":46}}],"line":65},"7":{"loc":{"start":{"line":68,"column":4},"end":{"line":68,"column":44}},"type":"if","locations":[{"start":{"line":68,"column":4},"end":{"line":68,"column":44}},{"start":{},"end":{}}],"line":68},"8":{"loc":{"start":{"line":74,"column":6},"end":{"line":77,"column":54}},"type":"binary-expr","locations":[{"start":{"line":74,"column":6},"end":{"line":74,"column":19}},{"start":{"line":75,"column":6},"end":{"line":75,"column":62}},{"start":{"line":76,"column":6},"end":{"line":76,"column":56}},{"start":{"line":77,"column":6},"end":{"line":77,"column":54}}],"line":74},"9":{"loc":{"start":{"line":81,"column":19},"end":{"line":81,"column":60}},"type":"binary-expr","locations":[{"start":{"line":81,"column":19},"end":{"line":81,"column":37}},{"start":{"line":81,"column":41},"end":{"line":81,"column":60}}],"line":81},"10":{"loc":{"start":{"line":87,"column":7},"end":{"line":91,"column":7}},"type":"binary-expr","locations":[{"start":{"line":87,"column":7},"end":{"line":87,"column":14}},{"start":{"line":88,"column":8},"end":{"line":90,"column":17}}],"line":87},"11":{"loc":{"start":{"line":93,"column":7},"end":{"line":100,"column":7}},"type":"binary-expr","locations":[{"start":{"line":93,"column":7},"end":{"line":93,"column":15}},{"start":{"line":93,"column":19},"end":{"line":93,"column":26}},{"start":{"line":94,"column":8},"end":{"line":99,"column":17}}],"line":93},"12":{"loc":{"start":{"line":103,"column":47},"end":{"line":103,"column":67}},"type":"cond-expr","locations":[{"start":{"line":103,"column":56},"end":{"line":103,"column":62}},{"start":{"line":103,"column":65},"end":{"line":103,"column":67}}],"line":103},"13":{"loc":{"start":{"line":115,"column":13},"end":{"line":122,"column":13}},"type":"binary-expr","locations":[{"start":{"line":115,"column":13},"end":{"line":115,"column":25}},{"start":{"line":116,"column":14},"end":{"line":121,"column":23}}],"line":115},"14":{"loc":{"start":{"line":136,"column":11},"end":{"line":181,"column":11}},"type":"cond-expr","locations":[{"start":{"line":137,"column":12},"end":{"line":137,"column":29}},{"start":{"line":138,"column":14},"end":{"line":181,"column":11}}],"line":136},"15":{"loc":{"start":{"line":138,"column":14},"end":{"line":181,"column":11}},"type":"cond-expr","locations":[{"start":{"line":139,"column":12},"end":{"line":139,"column":49}},{"start":{"line":140,"column":14},"end":{"line":181,"column":11}}],"line":138},"16":{"loc":{"start":{"line":140,"column":14},"end":{"line":181,"column":11}},"type":"cond-expr","locations":[{"start":{"line":141,"column":12},"end":{"line":141,"column":44}},{"start":{"line":143,"column":12},"end":{"line":180,"column":17}}],"line":140},"17":{"loc":{"start":{"line":149,"column":37},"end":{"line":149,"column":57}},"type":"binary-expr","locations":[{"start":{"line":149,"column":37},"end":{"line":149,"column":44}},{"start":{"line":149,"column":48},"end":{"line":149,"column":57}}],"line":149},"18":{"loc":{"start":{"line":150,"column":45},"end":{"line":150,"column":65}},"type":"binary-expr","locations":[{"start":{"line":150,"column":45},"end":{"line":150,"column":52}},{"start":{"line":150,"column":56},"end":{"line":150,"column":65}}],"line":150},"19":{"loc":{"start":{"line":156,"column":50},"end":{"line":156,"column":69}},"type":"binary-expr","locations":[{"start":{"line":156,"column":50},"end":{"line":156,"column":56}},{"start":{"line":156,"column":60},"end":{"line":156,"column":69}}],"line":156},"20":{"loc":{"start":{"line":167,"column":37},"end":{"line":167,"column":56}},"type":"binary-expr","locations":[{"start":{"line":167,"column":37},"end":{"line":167,"column":43}},{"start":{"line":167,"column":47},"end":{"line":167,"column":56}}],"line":167},"21":{"loc":{"start":{"line":186,"column":7},"end":{"line":188,"column":7}},"type":"binary-expr","locations":[{"start":{"line":186,"column":7},"end":{"line":186,"column":13}},{"start":{"line":187,"column":8},"end":{"line":187,"column":73}}],"line":186}},"s":{"0":1,"1":12,"2":12,"3":12,"4":12,"5":12,"6":12,"7":12,"8":12,"9":12,"10":12,"11":12,"12":0,"13":0,"14":0,"15":0,"16":0,"17":0,"18":0,"19":0,"20":0,"21":12,"22":12,"23":12,"24":12,"25":0,"26":12,"27":12,"28":12,"29":12,"30":0,"31":0,"32":0,"33":0,"34":0,"35":0,"36":0,"37":0,"38":0,"39":0,"40":12,"41":0,"42":0,"43":0,"44":0,"45":0,"46":0,"47":0,"48":0,"49":12,"50":12,"51":12,"52":0,"53":0,"54":0,"55":0,"56":0,"57":0,"58":0,"59":0,"60":0},"f":{"0":12,"1":12,"2":0,"3":12,"4":12,"5":0,"6":12,"7":0,"8":0,"9":0,"10":0,"11":0,"12":0,"13":0,"14":0,"15":0,"16":0,"17":0},"b":{"0":[0,0],"1":[0,0],"2":[0,0],"3":[0,0],"4":[0,0],"5":[0,0],"6":[0,0],"7":[0,0],"8":[0,0,0,0],"9":[12,12],"10":[12,12],"11":[12,12,12],"12":[0,12],"13":[12,0],"14":[12,0],"15":[0,0],"16":[0,0],"17":[0,0],"18":[0,0],"19":[0,0],"20":[0,0],"21":[12,0]},"_coverageSchema":"1a1c01bbd47fc00a2c39e90264f33305004495a9","hash":"c6d48a789eb52e0a213457fcf81575425a2a1259"}
,"C:\\Users\\ragul.n_disprz\\calender_app\\Frontend\\react_frontend\\src\\services\\api.js": {"path":"C:\\Users\\ragul.n_disprz\\calender_app\\Frontend\\react_frontend\\src\\services\\api.js","statementMap":{"0":{"start":{"line":5,"column":12},"end":{"line":8,"column":2}},"1":{"start":{"line":11,"column":0},"end":{"line":23,"column":2}},"2":{"start":{"line":13,"column":18},"end":{"line":13,"column":47}},"3":{"start":{"line":14,"column":4},"end":{"line":19,"column":5}},"4":{"start":{"line":15,"column":6},"end":{"line":15,"column":55}},"5":{"start":{"line":16,"column":6},"end":{"line":16,"column":44}},"6":{"start":{"line":18,"column":6},"end":{"line":18,"column":52}},"7":{"start":{"line":20,"column":4},"end":{"line":20,"column":18}},"8":{"start":{"line":22,"column":13},"end":{"line":22,"column":34}},"9":{"start":{"line":27,"column":22},"end":{"line":52,"column":1}},"10":{"start":{"line":28,"column":2},"end":{"line":51,"column":3}},"11":{"start":{"line":29,"column":21},"end":{"line":29,"column":36}},"12":{"start":{"line":30,"column":4},"end":{"line":30,"column":25}},"13":{"start":{"line":32,"column":4},"end":{"line":32,"column":39}},"14":{"start":{"line":34,"column":4},"end":{"line":50,"column":5}},"15":{"start":{"line":38,"column":8},"end":{"line":41,"column":27}},"16":{"start":{"line":43,"column":18},"end":{"line":43,"column":36}},"17":{"start":{"line":44,"column":6},"end":{"line":44,"column":41}},"18":{"start":{"line":45,"column":6},"end":{"line":45,"column":16}},"19":{"start":{"line":46,"column":11},"end":{"line":50,"column":5}},"20":{"start":{"line":47,"column":6},"end":{"line":47,"column":73}},"21":{"start":{"line":49,"column":6},"end":{"line":49,"column":37}},"22":{"start":{"line":56,"column":25},"end":{"line":57,"column":71}},"23":{"start":{"line":57,"column":2},"end":{"line":57,"column":71}},"24":{"start":{"line":57,"column":22},"end":{"line":57,"column":70}},"25":{"start":{"line":59,"column":28},"end":{"line":60,"column":74}},"26":{"start":{"line":60,"column":2},"end":{"line":60,"column":74}},"27":{"start":{"line":60,"column":22},"end":{"line":60,"column":73}},"28":{"start":{"line":63,"column":33},"end":{"line":64,"column":54}},"29":{"start":{"line":64,"column":2},"end":{"line":64,"column":54}},"30":{"start":{"line":64,"column":22},"end":{"line":64,"column":53}},"31":{"start":{"line":66,"column":37},"end":{"line":67,"column":60}},"32":{"start":{"line":67,"column":2},"end":{"line":67,"column":60}},"33":{"start":{"line":67,"column":22},"end":{"line":67,"column":59}},"34":{"start":{"line":69,"column":39},"end":{"line":75,"column":1}},"35":{"start":{"line":70,"column":16},"end":{"line":70,"column":54}},"36":{"start":{"line":71,"column":18},"end":{"line":71,"column":28}},"37":{"start":{"line":72,"column":2},"end":{"line":72,"column":44}},"38":{"start":{"line":73,"column":14},"end":{"line":73,"column":49}},"39":{"start":{"line":74,"column":2},"end":{"line":74,"column":90}},"40":{"start":{"line":74,"column":29},"end":{"line":74,"column":88}},"41":{"start":{"line":77,"column":33},"end":{"line":78,"column":59}},"42":{"start":{"line":78,"column":2},"end":{"line":78,"column":59}},"43":{"start":{"line":78,"column":22},"end":{"line":78,"column":58}},"44":{"start":{"line":80,"column":33},"end":{"line":81,"column":56}},"45":{"start":{"line":81,"column":2},"end":{"line":81,"column":56}},"46":{"start":{"line":81,"column":22},"end":{"line":81,"column":55}}},"fnMap":{"0":{"name":"(anonymous_0)","decl":{"start":{"line":12,"column":2},"end":{"line":12,"column":3}},"loc":{"start":{"line":12,"column":14},"end":{"line":21,"column":3}},"line":12},"1":{"name":"(anonymous_1)","decl":{"start":{"line":22,"column":2},"end":{"line":22,"column":3}},"loc":{"start":{"line":22,"column":13},"end":{"line":22,"column":34}},"line":22},"2":{"name":"(anonymous_2)","decl":{"start":{"line":27,"column":22},"end":{"line":27,"column":23}},"loc":{"start":{"line":27,"column":41},"end":{"line":52,"column":1}},"line":27},"3":{"name":"(anonymous_3)","decl":{"start":{"line":56,"column":25},"end":{"line":56,"column":26}},"loc":{"start":{"line":57,"column":2},"end":{"line":57,"column":71}},"line":57},"4":{"name":"(anonymous_4)","decl":{"start":{"line":57,"column":16},"end":{"line":57,"column":17}},"loc":{"start":{"line":57,"column":22},"end":{"line":57,"column":70}},"line":57},"5":{"name":"(anonymous_5)","decl":{"start":{"line":59,"column":28},"end":{"line":59,"column":29}},"loc":{"start":{"line":60,"column":2},"end":{"line":60,"column":74}},"line":60},"6":{"name":"(anonymous_6)","decl":{"start":{"line":60,"column":16},"end":{"line":60,"column":17}},"loc":{"start":{"line":60,"column":22},"end":{"line":60,"column":73}},"line":60},"7":{"name":"(anonymous_7)","decl":{"start":{"line":63,"column":33},"end":{"line":63,"column":34}},"loc":{"start":{"line":64,"column":2},"end":{"line":64,"column":54}},"line":64},"8":{"name":"(anonymous_8)","decl":{"start":{"line":64,"column":16},"end":{"line":64,"column":17}},"loc":{"start":{"line":64,"column":22},"end":{"line":64,"column":53}},"line":64},"9":{"name":"(anonymous_9)","decl":{"start":{"line":66,"column":37},"end":{"line":66,"column":38}},"loc":{"start":{"line":67,"column":2},"end":{"line":67,"column":60}},"line":67},"10":{"name":"(anonymous_10)","decl":{"start":{"line":67,"column":16},"end":{"line":67,"column":17}},"loc":{"start":{"line":67,"column":22},"end":{"line":67,"column":59}},"line":67},"11":{"name":"(anonymous_11)","decl":{"start":{"line":69,"column":39},"end":{"line":69,"column":40}},"loc":{"start":{"line":69,"column":59},"end":{"line":75,"column":1}},"line":69},"12":{"name":"(anonymous_12)","decl":{"start":{"line":74,"column":23},"end":{"line":74,"column":24}},"loc":{"start":{"line":74,"column":29},"end":{"line":74,"column":88}},"line":74},"13":{"name":"(anonymous_13)","decl":{"start":{"line":77,"column":33},"end":{"line":77,"column":34}},"loc":{"start":{"line":78,"column":2},"end":{"line":78,"column":59}},"line":78},"14":{"name":"(anonymous_14)","decl":{"start":{"line":78,"column":16},"end":{"line":78,"column":17}},"loc":{"start":{"line":78,"column":22},"end":{"line":78,"column":58}},"line":78},"15":{"name":"(anonymous_15)","decl":{"start":{"line":80,"column":33},"end":{"line":80,"column":34}},"loc":{"start":{"line":81,"column":2},"end":{"line":81,"column":56}},"line":81},"16":{"name":"(anonymous_16)","decl":{"start":{"line":81,"column":16},"end":{"line":81,"column":17}},"loc":{"start":{"line":81,"column":22},"end":{"line":81,"column":55}},"line":81}},"branchMap":{"0":{"loc":{"start":{"line":14,"column":4},"end":{"line":19,"column":5}},"type":"if","locations":[{"start":{"line":14,"column":4},"end":{"line":19,"column":5}},{"start":{"line":17,"column":11},"end":{"line":19,"column":5}}],"line":14},"1":{"loc":{"start":{"line":34,"column":4},"end":{"line":50,"column":5}},"type":"if","locations":[{"start":{"line":34,"column":4},"end":{"line":50,"column":5}},{"start":{"line":46,"column":11},"end":{"line":50,"column":5}}],"line":34},"2":{"loc":{"start":{"line":38,"column":8},"end":{"line":41,"column":27}},"type":"binary-expr","locations":[{"start":{"line":38,"column":8},"end":{"line":38,"column":36}},{"start":{"line":39,"column":8},"end":{"line":39,"column":34}},{"start":{"line":40,"column":8},"end":{"line":40,"column":33}},{"start":{"line":41,"column":8},"end":{"line":41,"column":27}}],"line":38},"3":{"loc":{"start":{"line":46,"column":11},"end":{"line":50,"column":5}},"type":"if","locations":[{"start":{"line":46,"column":11},"end":{"line":50,"column":5}},{"start":{"line":48,"column":11},"end":{"line":50,"column":5}}],"line":46},"4":{"loc":{"start":{"line":69,"column":46},"end":{"line":69,"column":54}},"type":"default-arg","locations":[{"start":{"line":69,"column":53},"end":{"line":69,"column":54}}],"line":69}},"s":{"0":2,"1":2,"2":12,"3":12,"4":0,"5":0,"6":12,"7":12,"8":0,"9":2,"10":12,"11":12,"12":0,"13":0,"14":0,"15":0,"16":0,"17":0,"18":0,"19":0,"20":0,"21":0,"22":2,"23":0,"24":0,"25":2,"26":0,"27":0,"28":2,"29":0,"30":0,"31":2,"32":0,"33":0,"34":2,"35":12,"36":12,"37":12,"38":12,"39":12,"40":12,"41":2,"42":0,"43":0,"44":2,"45":0,"46":0},"f":{"0":12,"1":0,"2":12,"3":0,"4":0,"5":0,"6":0,"7":0,"8":0,"9":0,"10":0,"11":12,"12":12,"13":0,"14":0,"15":0,"16":0},"b":{"0":[0,12],"1":[0,0],"2":[0,0,0,0],"3":[0,0],"4":[0]},"_coverageSchema":"1a1c01bbd47fc00a2c39e90264f33305004495a9","hash":"985ef9149dcc32ff66d1e2ab0e71912867208876"}
}
