TN:
SF:src\components\AddAppointmentModal.jsx
FN:7,(anonymous_0)
FN:34,(anonymous_1)
FN:39,(anonymous_2)
FN:40,(anonymous_3)
FN:44,(anonymous_4)
FN:48,(anonymous_5)
FN:60,(anonymous_6)
FN:81,(anonymous_7)
FN:146,(anonymous_8)
FN:161,(anonymous_9)
FN:176,(anonymous_10)
FN:179,(anonymous_11)
FN:192,(anonymous_12)
FN:204,(anonymous_13)
FN:208,(anonymous_14)
FN:219,(anonymous_15)
FN:223,(anonymous_16)
FN:250,(anonymous_17)
FN:259,(anonymous_18)
FNF:19
FNH:12
FNDA:24,(anonymous_0)
FNDA:8,(anonymous_1)
FNDA:8,(anonymous_2)
FNDA:0,(anonymous_3)
FNDA:8,(anonymous_4)
FNDA:8,(anonymous_5)
FNDA:13,(anonymous_6)
FNDA:0,(anonymous_7)
FNDA:3,(anonymous_8)
FNDA:0,(anonymous_9)
FNDA:0,(anonymous_10)
FNDA:96,(anonymous_11)
FNDA:0,(anonymous_12)
FNDA:0,(anonymous_13)
FNDA:1152,(anonymous_14)
FNDA:0,(anonymous_15)
FNDA:1152,(anonymous_16)
FNDA:48,(anonymous_17)
FNDA:2304,(anonymous_18)
DA:7,1
DA:14,24
DA:15,24
DA:16,24
DA:17,24
DA:18,24
DA:19,24
DA:20,24
DA:21,24
DA:23,24
DA:24,24
DA:26,24
DA:34,24
DA:35,8
DA:39,24
DA:40,8
DA:41,0
DA:43,8
DA:44,8
DA:48,24
DA:49,8
DA:50,2
DA:51,2
DA:52,2
DA:53,2
DA:54,2
DA:55,2
DA:60,24
DA:61,13
DA:62,13
DA:63,5
DA:64,0
DA:65,5
DA:66,0
DA:68,13
DA:69,0
DA:70,0
DA:71,0
DA:72,0
DA:75,13
DA:76,3
DA:78,13
DA:81,24
DA:82,0
DA:83,0
DA:85,0
DA:87,0
DA:88,0
DA:89,0
DA:91,0
DA:100,0
DA:102,0
DA:103,0
DA:104,0
DA:106,0
DA:107,0
DA:110,0
DA:111,0
DA:113,0
DA:116,0
DA:117,0
DA:119,0
DA:122,0
DA:126,24
DA:128,24
DA:146,3
DA:161,0
DA:176,0
DA:180,96
DA:192,0
DA:204,0
DA:209,1152
DA:219,0
DA:224,1152
DA:250,1
DA:251,48
DA:252,48
DA:253,1152
DA:254,1152
DA:256,48
DA:259,1
DA:260,2304
DA:261,2304
DA:262,2304
DA:263,2304
DA:264,2304
LF:86
LH:54
BRDA:18,0,0,24
BRDA:18,0,1,0
BRDA:35,1,0,8
BRDA:35,1,1,0
BRDA:41,2,0,0
BRDA:41,2,1,0
BRDA:49,3,0,2
BRDA:49,3,1,6
BRDA:50,4,0,2
BRDA:50,4,1,0
BRDA:51,5,0,2
BRDA:51,5,1,2
BRDA:52,6,0,2
BRDA:52,6,1,0
BRDA:53,7,0,2
BRDA:53,7,1,0
BRDA:55,8,0,2
BRDA:55,8,1,2
BRDA:62,9,0,5
BRDA:62,9,1,8
BRDA:63,10,0,0
BRDA:63,10,1,5
BRDA:65,11,0,0
BRDA:65,11,1,5
BRDA:68,12,0,0
BRDA:68,12,1,13
BRDA:69,13,0,0
BRDA:69,13,1,0
BRDA:71,14,0,0
BRDA:71,14,1,0
BRDA:75,15,0,3
BRDA:75,15,1,10
BRDA:75,16,0,13
BRDA:75,16,1,3
BRDA:75,16,2,3
BRDA:83,17,0,0
BRDA:83,17,1,0
BRDA:83,18,0,0
BRDA:83,18,1,0
BRDA:83,18,2,0
BRDA:83,18,3,0
BRDA:102,19,0,0
BRDA:102,19,1,0
BRDA:116,20,0,0
BRDA:116,20,1,0
BRDA:116,21,0,0
BRDA:116,21,1,0
BRDA:116,21,2,0
BRDA:119,22,0,0
BRDA:119,22,1,0
BRDA:132,23,0,8
BRDA:132,23,1,16
BRDA:152,24,0,24
BRDA:152,24,1,0
BRDA:167,25,0,24
BRDA:167,25,1,0
BRDA:227,26,0,24
BRDA:227,26,1,4
BRDA:237,27,0,24
BRDA:237,27,1,24
BRDA:240,28,0,0
BRDA:240,28,1,24
BRDA:240,29,0,8
BRDA:240,29,1,16
BRDA:262,30,0,1152
BRDA:262,30,1,1152
BRDA:263,31,0,2304
BRDA:263,31,1,192
BRF:68
BRH:36
end_of_record
TN:
SF:src\components\CalendarViewSelector.js
FN:4,(anonymous_0)
FN:9,(anonymous_1)
FN:15,(anonymous_2)
FN:21,(anonymous_3)
FNF:4
FNH:4
FNDA:10,(anonymous_0)
FNDA:3,(anonymous_1)
FNDA:2,(anonymous_2)
FNDA:2,(anonymous_3)
DA:4,1
DA:5,10
DA:9,3
DA:15,2
DA:21,2
LF:5
LH:5
BRDA:8,0,0,6
BRDA:8,0,1,4
BRDA:14,1,0,2
BRDA:14,1,1,8
BRDA:20,2,0,1
BRDA:20,2,1,9
BRF:6
BRH:6
end_of_record
TN:
SF:src\components\ThemeToggle.js
FN:4,(anonymous_0)
FNF:1
FNH:1
FNDA:6,(anonymous_0)
DA:4,1
DA:5,6
LF:2
LH:2
BRDA:18,0,0,2
BRDA:18,0,1,4
BRF:2
BRH:2
end_of_record
TN:
SF:src\components\TimeSlotGrid.jsx
FN:4,(anonymous_0)
FN:17,normalizeAppointments
FN:18,(anonymous_2)
FN:29,(anonymous_3)
FN:38,(anonymous_4)
FN:40,(anonymous_5)
FN:52,(anonymous_6)
FN:53,(anonymous_7)
FN:58,(anonymous_8)
FN:59,(anonymous_9)
FN:63,(anonymous_10)
FN:64,(anonymous_11)
FN:71,(anonymous_12)
FN:85,(anonymous_13)
FN:102,(anonymous_14)
FN:115,(anonymous_15)
FN:124,(anonymous_16)
FN:127,(anonymous_17)
FN:129,(anonymous_18)
FN:135,(anonymous_19)
FN:136,(anonymous_20)
FN:137,(anonymous_21)
FN:138,(anonymous_22)
FN:144,(anonymous_23)
FN:160,(anonymous_24)
FN:187,(anonymous_25)
FN:193,(anonymous_26)
FN:201,(anonymous_27)
FN:205,(anonymous_28)
FN:207,(anonymous_29)
FN:213,(anonymous_30)
FN:214,(anonymous_31)
FN:215,(anonymous_32)
FN:216,(anonymous_33)
FN:221,(anonymous_34)
FN:225,(anonymous_35)
FN:227,(anonymous_36)
FN:243,addDragOverClass
FN:244,removeDragOverClass
FNF:39
FNH:21
FNDA:11,(anonymous_0)
FNDA:11,normalizeAppointments
FNDA:20,(anonymous_2)
FNDA:9,(anonymous_3)
FNDA:16,(anonymous_4)
FNDA:1,(anonymous_5)
FNDA:432,(anonymous_6)
FNDA:760,(anonymous_7)
FNDA:1,(anonymous_8)
FNDA:0,(anonymous_9)
FNDA:0,(anonymous_10)
FNDA:1,(anonymous_11)
FNDA:0,(anonymous_12)
FNDA:1,(anonymous_13)
FNDA:0,(anonymous_14)
FNDA:7,(anonymous_15)
FNDA:24,(anonymous_16)
FNDA:168,(anonymous_17)
FNDA:336,(anonymous_18)
FNDA:0,(anonymous_19)
FNDA:0,(anonymous_20)
FNDA:0,(anonymous_21)
FNDA:0,(anonymous_22)
FNDA:0,(anonymous_23)
FNDA:1,(anonymous_24)
FNDA:0,(anonymous_25)
FNDA:0,(anonymous_26)
FNDA:7,(anonymous_27)
FNDA:35,(anonymous_28)
FNDA:70,(anonymous_29)
FNDA:0,(anonymous_30)
FNDA:0,(anonymous_31)
FNDA:0,(anonymous_32)
FNDA:0,(anonymous_33)
FNDA:2,(anonymous_34)
FNDA:0,(anonymous_35)
FNDA:0,(anonymous_36)
FNDA:0,addDragOverClass
FNDA:1,removeDragOverClass
DA:4,1
DA:5,11
DA:7,11
DA:8,1
DA:9,10
DA:10,1
DA:12,9
DA:18,11
DA:19,20
DA:20,20
DA:21,20
DA:22,20
DA:23,20
DA:24,20
DA:29,1
DA:30,9
DA:31,9
DA:32,216
DA:33,216
DA:34,216
DA:37,9
DA:38,16
DA:40,9
DA:41,1
DA:42,1
DA:43,1
DA:44,0
DA:46,0
DA:50,9
DA:53,760
DA:54,432
DA:58,1
DA:60,0
DA:61,0
DA:63,0
DA:64,1
DA:71,0
DA:85,1
DA:86,1
DA:87,1
DA:89,1
DA:90,1
DA:91,7
DA:92,7
DA:93,7
DA:96,1
DA:97,1
DA:98,24
DA:99,24
DA:102,1
DA:103,0
DA:104,0
DA:105,0
DA:106,0
DA:107,0
DA:111,1
DA:116,7
DA:125,24
DA:128,168
DA:129,336
DA:131,168
DA:135,0
DA:136,0
DA:137,0
DA:138,0
DA:144,0
DA:160,1
DA:161,1
DA:162,1
DA:163,1
DA:164,1
DA:165,1
DA:166,1
DA:168,1
DA:170,1
DA:171,1
DA:172,1
DA:173,1
DA:176,1
DA:177,30
DA:180,1
DA:181,1
DA:182,4
DA:185,1
DA:187,1
DA:188,0
DA:189,0
DA:190,0
DA:191,0
DA:193,0
DA:194,0
DA:195,0
DA:198,1
DA:201,7
DA:206,35
DA:207,70
DA:209,35
DA:213,0
DA:214,0
DA:215,0
DA:216,0
DA:222,2
DA:225,0
DA:227,0
DA:243,0
DA:244,1
LF:106
LH:76
BRDA:7,0,0,1
BRDA:7,0,1,10
BRDA:9,1,0,1
BRDA:9,1,1,9
BRDA:44,2,0,0
BRDA:44,2,1,0
BRDA:44,3,0,0
BRDA:44,3,1,0
BRDA:57,4,0,16
BRDA:57,4,1,416
BRDA:57,5,0,16
BRDA:57,5,1,2
BRDA:67,6,0,432
BRDA:67,6,1,16
BRDA:74,7,0,16
BRDA:74,7,1,0
BRDA:106,8,0,0
BRDA:106,8,1,0
BRDA:106,9,0,0
BRDA:106,9,1,0
BRDA:129,10,0,336
BRDA:129,10,1,48
BRDA:134,11,0,0
BRDA:134,11,1,168
BRDA:134,12,0,0
BRDA:134,12,1,0
BRDA:140,13,0,168
BRDA:140,13,1,0
BRDA:191,14,0,0
BRDA:191,14,1,0
BRDA:191,15,0,0
BRDA:191,15,1,0
BRDA:194,16,0,0
BRDA:194,16,1,0
BRDA:212,17,0,5
BRDA:212,17,1,30
BRDA:224,18,0,2
BRDA:224,18,1,0
BRDA:232,19,0,35
BRDA:232,19,1,0
BRDA:243,20,0,0
BRDA:243,20,1,0
BRDA:244,21,0,0
BRDA:244,21,1,1
BRF:44
BRH:20
end_of_record
TN:
SF:src\components\UpcomingAppointments.jsx
FN:5,(anonymous_0)
FN:15,(anonymous_1)
FN:20,(anonymous_2)
FN:33,(anonymous_3)
FN:38,(anonymous_4)
FN:39,(anonymous_5)
FN:41,(anonymous_6)
FN:44,(anonymous_7)
FN:61,(anonymous_8)
FN:88,(anonymous_9)
FN:96,(anonymous_10)
FN:112,(anonymous_11)
FN:118,(anonymous_12)
FN:129,(anonymous_13)
FN:144,(anonymous_14)
FN:167,(anonymous_15)
FN:173,(anonymous_16)
FN:187,(anonymous_17)
FNF:18
FNH:5
FNDA:12,(anonymous_0)
FNDA:12,(anonymous_1)
FNDA:0,(anonymous_2)
FNDA:12,(anonymous_3)
FNDA:12,(anonymous_4)
FNDA:0,(anonymous_5)
FNDA:12,(anonymous_6)
FNDA:0,(anonymous_7)
FNDA:0,(anonymous_8)
FNDA:0,(anonymous_9)
FNDA:0,(anonymous_10)
FNDA:0,(anonymous_11)
FNDA:0,(anonymous_12)
FNDA:0,(anonymous_13)
FNDA:0,(anonymous_14)
FNDA:0,(anonymous_15)
FNDA:0,(anonymous_16)
FNDA:0,(anonymous_17)
DA:5,1
DA:6,12
DA:7,12
DA:8,12
DA:9,12
DA:10,12
DA:11,12
DA:12,12
DA:15,12
DA:16,12
DA:17,12
DA:18,12
DA:19,0
DA:20,0
DA:21,0
DA:22,0
DA:24,0
DA:25,0
DA:27,0
DA:28,0
DA:29,0
DA:33,12
DA:34,12
DA:38,12
DA:39,12
DA:40,12
DA:41,12
DA:44,12
DA:45,0
DA:48,0
DA:50,0
DA:51,0
DA:52,0
DA:53,0
DA:55,0
DA:56,0
DA:61,12
DA:62,0
DA:63,0
DA:65,0
DA:68,0
DA:70,0
DA:71,0
DA:73,0
DA:81,12
DA:82,12
DA:84,12
DA:88,0
DA:96,0
DA:112,0
DA:118,0
DA:129,0
DA:145,0
DA:167,0
DA:173,0
DA:187,0
LF:56
LH:23
BRDA:20,0,0,0
BRDA:20,0,1,0
BRDA:22,1,0,0
BRDA:22,1,1,0
BRDA:48,2,0,0
BRDA:48,2,1,0
BRDA:53,3,0,0
BRDA:53,3,1,0
BRDA:62,4,0,0
BRDA:62,4,1,0
BRDA:63,5,0,0
BRDA:63,5,1,0
BRDA:65,6,0,0
BRDA:65,6,1,0
BRDA:68,7,0,0
BRDA:68,7,1,0
BRDA:74,8,0,0
BRDA:74,8,1,0
BRDA:74,8,2,0
BRDA:74,8,3,0
BRDA:81,9,0,12
BRDA:81,9,1,12
BRDA:87,10,0,12
BRDA:87,10,1,12
BRDA:93,11,0,12
BRDA:93,11,1,12
BRDA:93,11,2,12
BRDA:103,12,0,0
BRDA:103,12,1,12
BRDA:115,13,0,12
BRDA:115,13,1,0
BRDA:136,14,0,12
BRDA:136,14,1,0
BRDA:138,15,0,0
BRDA:138,15,1,0
BRDA:140,16,0,0
BRDA:140,16,1,0
BRDA:149,17,0,0
BRDA:149,17,1,0
BRDA:150,18,0,0
BRDA:150,18,1,0
BRDA:156,19,0,0
BRDA:156,19,1,0
BRDA:167,20,0,0
BRDA:167,20,1,0
BRDA:186,21,0,12
BRDA:186,21,1,0
BRF:47
BRH:11
end_of_record
TN:
SF:src\services\api.js
FN:12,(anonymous_0)
FN:22,(anonymous_1)
FN:27,(anonymous_2)
FN:56,(anonymous_3)
FN:57,(anonymous_4)
FN:59,(anonymous_5)
FN:60,(anonymous_6)
FN:63,(anonymous_7)
FN:64,(anonymous_8)
FN:66,(anonymous_9)
FN:67,(anonymous_10)
FN:69,(anonymous_11)
FN:74,(anonymous_12)
FN:77,(anonymous_13)
FN:78,(anonymous_14)
FN:80,(anonymous_15)
FN:81,(anonymous_16)
FNF:17
FNH:4
FNDA:12,(anonymous_0)
FNDA:0,(anonymous_1)
FNDA:12,(anonymous_2)
FNDA:0,(anonymous_3)
FNDA:0,(anonymous_4)
FNDA:0,(anonymous_5)
FNDA:0,(anonymous_6)
FNDA:0,(anonymous_7)
FNDA:0,(anonymous_8)
FNDA:0,(anonymous_9)
FNDA:0,(anonymous_10)
FNDA:12,(anonymous_11)
FNDA:12,(anonymous_12)
FNDA:0,(anonymous_13)
FNDA:0,(anonymous_14)
FNDA:0,(anonymous_15)
FNDA:0,(anonymous_16)
DA:5,2
DA:11,2
DA:13,12
DA:14,12
DA:15,0
DA:16,0
DA:18,12
DA:20,12
DA:22,0
DA:27,2
DA:28,12
DA:29,12
DA:30,0
DA:32,0
DA:34,0
DA:38,0
DA:43,0
DA:44,0
DA:45,0
DA:46,0
DA:47,0
DA:49,0
DA:56,2
DA:57,0
DA:59,2
DA:60,0
DA:63,2
DA:64,0
DA:66,2
DA:67,0
DA:69,2
DA:70,12
DA:71,12
DA:72,12
DA:73,12
DA:74,12
DA:77,2
DA:78,0
DA:80,2
DA:81,0
LF:40
LH:21
BRDA:14,0,0,0
BRDA:14,0,1,12
BRDA:34,1,0,0
BRDA:34,1,1,0
BRDA:38,2,0,0
BRDA:38,2,1,0
BRDA:38,2,2,0
BRDA:38,2,3,0
BRDA:46,3,0,0
BRDA:46,3,1,0
BRDA:69,4,0,0
BRF:11
BRH:1
end_of_record
