TN:
SF:src\components\AddAppointmentModal.jsx
FN:7,(anonymous_0)
FN:34,(anonymous_1)
FN:39,(anonymous_2)
FN:40,(anonymous_3)
FN:44,(anonymous_4)
FN:48,(anonymous_5)
FN:60,(anonymous_6)
FN:81,(anonymous_7)
FN:146,(anonymous_8)
FN:161,(anonymous_9)
FN:176,(anonymous_10)
FN:179,(anonymous_11)
FN:192,(anonymous_12)
FN:204,(anonymous_13)
FN:208,(anonymous_14)
FN:219,(anonymous_15)
FN:223,(anonymous_16)
FN:250,(anonymous_17)
FN:259,(anonymous_18)
FNF:19
FNH:16
FNDA:91,(anonymous_0)
FNDA:26,(anonymous_1)
FNDA:26,(anonymous_2)
FNDA:2,(anonymous_3)
FNDA:26,(anonymous_4)
FNDA:26,(anonymous_5)
FNDA:46,(anonymous_6)
FNDA:0,(anonymous_7)
FNDA:13,(anonymous_8)
FNDA:0,(anonymous_9)
FNDA:1,(anonymous_10)
FNDA:364,(anonymous_11)
FNDA:0,(anonymous_12)
FNDA:2,(anonymous_13)
FNDA:4272,(anonymous_14)
FNDA:2,(anonymous_15)
FNDA:4272,(anonymous_16)
FNDA:178,(anonymous_17)
FNDA:8544,(anonymous_18)
DA:7,1
DA:14,91
DA:15,91
DA:16,91
DA:17,91
DA:18,91
DA:19,91
DA:20,91
DA:21,91
DA:23,91
DA:24,91
DA:26,91
DA:34,91
DA:35,26
DA:39,91
DA:40,26
DA:41,2
DA:43,26
DA:44,26
DA:48,91
DA:49,26
DA:50,4
DA:51,4
DA:52,4
DA:53,4
DA:54,4
DA:55,4
DA:60,91
DA:61,46
DA:62,46
DA:63,19
DA:64,1
DA:65,18
DA:66,0
DA:68,46
DA:69,1
DA:70,0
DA:71,1
DA:72,0
DA:75,46
DA:76,2
DA:78,46
DA:81,91
DA:82,0
DA:83,0
DA:85,0
DA:87,0
DA:88,0
DA:89,0
DA:91,0
DA:100,0
DA:102,0
DA:103,0
DA:104,0
DA:106,0
DA:107,0
DA:110,0
DA:111,0
DA:113,0
DA:116,0
DA:117,0
DA:119,0
DA:122,0
DA:126,91
DA:128,91
DA:146,13
DA:161,0
DA:176,1
DA:180,364
DA:192,0
DA:204,2
DA:209,4272
DA:219,2
DA:224,4272
DA:250,1
DA:251,178
DA:252,178
DA:253,4272
DA:254,4272
DA:256,178
DA:259,1
DA:260,8544
DA:261,8544
DA:262,8544
DA:263,8544
DA:264,8544
LF:86
LH:61
BRDA:18,0,0,91
BRDA:18,0,1,2
BRDA:35,1,0,25
BRDA:35,1,1,1
BRDA:41,2,0,1
BRDA:41,2,1,1
BRDA:49,3,0,4
BRDA:49,3,1,22
BRDA:50,4,0,4
BRDA:50,4,1,0
BRDA:51,5,0,4
BRDA:51,5,1,3
BRDA:52,6,0,4
BRDA:52,6,1,1
BRDA:53,7,0,4
BRDA:53,7,1,1
BRDA:55,8,0,4
BRDA:55,8,1,2
BRDA:62,9,0,19
BRDA:62,9,1,27
BRDA:63,10,0,1
BRDA:63,10,1,18
BRDA:65,11,0,0
BRDA:65,11,1,18
BRDA:68,12,0,1
BRDA:68,12,1,45
BRDA:69,13,0,0
BRDA:69,13,1,1
BRDA:71,14,0,0
BRDA:71,14,1,1
BRDA:75,15,0,2
BRDA:75,15,1,44
BRDA:75,16,0,46
BRDA:75,16,1,9
BRDA:75,16,2,7
BRDA:83,17,0,0
BRDA:83,17,1,0
BRDA:83,18,0,0
BRDA:83,18,1,0
BRDA:83,18,2,0
BRDA:83,18,3,0
BRDA:102,19,0,0
BRDA:102,19,1,0
BRDA:116,20,0,0
BRDA:116,20,1,0
BRDA:116,21,0,0
BRDA:116,21,1,0
BRDA:116,21,2,0
BRDA:119,22,0,0
BRDA:119,22,1,0
BRDA:132,23,0,16
BRDA:132,23,1,75
BRDA:152,24,0,91
BRDA:152,24,1,1
BRDA:167,25,0,91
BRDA:167,25,1,0
BRDA:227,26,0,89
BRDA:227,26,1,2
BRDA:237,27,0,89
BRDA:237,27,1,89
BRDA:240,28,0,0
BRDA:240,28,1,89
BRDA:240,29,0,14
BRDA:240,29,1,75
BRDA:262,30,0,4272
BRDA:262,30,1,4272
BRDA:263,31,0,8544
BRDA:263,31,1,712
BRF:68
BRH:47
end_of_record
TN:
SF:src\components\CalendarViewSelector.js
FN:4,(anonymous_0)
FN:9,(anonymous_1)
FN:15,(anonymous_2)
FN:21,(anonymous_3)
FNF:4
FNH:4
FNDA:10,(anonymous_0)
FNDA:3,(anonymous_1)
FNDA:2,(anonymous_2)
FNDA:2,(anonymous_3)
DA:4,1
DA:5,10
DA:9,3
DA:15,2
DA:21,2
LF:5
LH:5
BRDA:8,0,0,6
BRDA:8,0,1,4
BRDA:14,1,0,2
BRDA:14,1,1,8
BRDA:20,2,0,1
BRDA:20,2,1,9
BRF:6
BRH:6
end_of_record
TN:
SF:src\components\ThemeToggle.js
FN:4,(anonymous_0)
FNF:1
FNH:1
FNDA:6,(anonymous_0)
DA:4,1
DA:5,6
LF:2
LH:2
BRDA:18,0,0,2
BRDA:18,0,1,4
BRF:2
BRH:2
end_of_record
TN:
SF:src\components\TimeSlotGrid.jsx
FN:4,(anonymous_0)
FN:17,normalizeAppointments
FN:18,(anonymous_2)
FN:29,(anonymous_3)
FN:38,(anonymous_4)
FN:40,(anonymous_5)
FN:52,(anonymous_6)
FN:53,(anonymous_7)
FN:58,(anonymous_8)
FN:59,(anonymous_9)
FN:63,(anonymous_10)
FN:64,(anonymous_11)
FN:71,(anonymous_12)
FN:85,(anonymous_13)
FN:102,(anonymous_14)
FN:115,(anonymous_15)
FN:124,(anonymous_16)
FN:127,(anonymous_17)
FN:129,(anonymous_18)
FN:135,(anonymous_19)
FN:136,(anonymous_20)
FN:137,(anonymous_21)
FN:138,(anonymous_22)
FN:144,(anonymous_23)
FN:160,(anonymous_24)
FN:187,(anonymous_25)
FN:193,(anonymous_26)
FN:201,(anonymous_27)
FN:205,(anonymous_28)
FN:207,(anonymous_29)
FN:213,(anonymous_30)
FN:214,(anonymous_31)
FN:215,(anonymous_32)
FN:216,(anonymous_33)
FN:221,(anonymous_34)
FN:225,(anonymous_35)
FN:227,(anonymous_36)
FN:243,addDragOverClass
FN:244,removeDragOverClass
FNF:39
FNH:22
FNDA:17,(anonymous_0)
FNDA:17,normalizeAppointments
FNDA:22,(anonymous_2)
FNDA:12,(anonymous_3)
FNDA:17,(anonymous_4)
FNDA:1,(anonymous_5)
FNDA:576,(anonymous_6)
FNDA:714,(anonymous_7)
FNDA:1,(anonymous_8)
FNDA:0,(anonymous_9)
FNDA:0,(anonymous_10)
FNDA:1,(anonymous_11)
FNDA:1,(anonymous_12)
FNDA:2,(anonymous_13)
FNDA:0,(anonymous_14)
FNDA:14,(anonymous_15)
FNDA:48,(anonymous_16)
FNDA:336,(anonymous_17)
FNDA:504,(anonymous_18)
FNDA:0,(anonymous_19)
FNDA:0,(anonymous_20)
FNDA:0,(anonymous_21)
FNDA:0,(anonymous_22)
FNDA:0,(anonymous_23)
FNDA:1,(anonymous_24)
FNDA:0,(anonymous_25)
FNDA:0,(anonymous_26)
FNDA:7,(anonymous_27)
FNDA:35,(anonymous_28)
FNDA:70,(anonymous_29)
FNDA:0,(anonymous_30)
FNDA:0,(anonymous_31)
FNDA:0,(anonymous_32)
FNDA:0,(anonymous_33)
FNDA:2,(anonymous_34)
FNDA:0,(anonymous_35)
FNDA:0,(anonymous_36)
FNDA:0,addDragOverClass
FNDA:1,removeDragOverClass
DA:4,1
DA:5,17
DA:7,15
DA:8,2
DA:9,13
DA:10,1
DA:12,12
DA:18,17
DA:19,22
DA:20,22
DA:21,22
DA:22,22
DA:23,22
DA:24,22
DA:29,1
DA:30,12
DA:31,12
DA:32,288
DA:33,288
DA:34,288
DA:37,12
DA:38,17
DA:40,12
DA:41,1
DA:42,1
DA:43,1
DA:44,0
DA:46,0
DA:50,12
DA:53,714
DA:54,576
DA:58,1
DA:60,0
DA:61,0
DA:63,0
DA:64,1
DA:71,1
DA:85,1
DA:86,2
DA:87,2
DA:89,2
DA:90,2
DA:91,14
DA:92,14
DA:93,14
DA:96,2
DA:97,2
DA:98,48
DA:99,48
DA:102,2
DA:103,0
DA:104,0
DA:105,0
DA:106,0
DA:107,0
DA:111,2
DA:116,14
DA:125,48
DA:128,336
DA:129,504
DA:131,336
DA:135,0
DA:136,0
DA:137,0
DA:138,0
DA:144,0
DA:160,1
DA:161,1
DA:162,1
DA:163,1
DA:164,1
DA:165,1
DA:166,1
DA:168,1
DA:170,1
DA:171,1
DA:172,1
DA:173,1
DA:176,1
DA:177,30
DA:180,1
DA:181,1
DA:182,4
DA:185,1
DA:187,1
DA:188,0
DA:189,0
DA:190,0
DA:191,0
DA:193,0
DA:194,0
DA:195,0
DA:198,1
DA:201,7
DA:206,35
DA:207,70
DA:209,35
DA:213,0
DA:214,0
DA:215,0
DA:216,0
DA:222,2
DA:225,0
DA:227,0
DA:243,0
DA:244,1
LF:106
LH:77
BRDA:7,0,0,2
BRDA:7,0,1,13
BRDA:9,1,0,1
BRDA:9,1,1,12
BRDA:44,2,0,0
BRDA:44,2,1,0
BRDA:44,3,0,0
BRDA:44,3,1,0
BRDA:57,4,0,15
BRDA:57,4,1,561
BRDA:57,5,0,15
BRDA:57,5,1,4
BRDA:67,6,0,576
BRDA:67,6,1,15
BRDA:74,7,0,15
BRDA:74,7,1,0
BRDA:106,8,0,0
BRDA:106,8,1,0
BRDA:106,9,0,0
BRDA:106,9,1,0
BRDA:129,10,0,504
BRDA:129,10,1,72
BRDA:134,11,0,0
BRDA:134,11,1,336
BRDA:134,12,0,0
BRDA:134,12,1,0
BRDA:140,13,0,336
BRDA:140,13,1,0
BRDA:191,14,0,0
BRDA:191,14,1,0
BRDA:191,15,0,0
BRDA:191,15,1,0
BRDA:194,16,0,0
BRDA:194,16,1,0
BRDA:212,17,0,5
BRDA:212,17,1,30
BRDA:224,18,0,2
BRDA:224,18,1,0
BRDA:232,19,0,35
BRDA:232,19,1,0
BRDA:243,20,0,0
BRDA:243,20,1,0
BRDA:244,21,0,0
BRDA:244,21,1,1
BRF:44
BRH:20
end_of_record
TN:
SF:src\services\api.js
FN:12,(anonymous_0)
FN:22,(anonymous_1)
FN:27,(anonymous_2)
FN:56,(anonymous_3)
FN:57,(anonymous_4)
FN:59,(anonymous_5)
FN:60,(anonymous_6)
FN:63,(anonymous_7)
FN:64,(anonymous_8)
FN:66,(anonymous_9)
FN:67,(anonymous_10)
FN:69,(anonymous_11)
FN:74,(anonymous_12)
FN:77,(anonymous_13)
FN:78,(anonymous_14)
FN:80,(anonymous_15)
FN:81,(anonymous_16)
FNF:17
FNH:12
FNDA:10,(anonymous_0)
FNDA:0,(anonymous_1)
FNDA:10,(anonymous_2)
FNDA:2,(anonymous_3)
FNDA:2,(anonymous_4)
FNDA:2,(anonymous_5)
FNDA:2,(anonymous_6)
FNDA:0,(anonymous_7)
FNDA:0,(anonymous_8)
FNDA:0,(anonymous_9)
FNDA:0,(anonymous_10)
FNDA:2,(anonymous_11)
FNDA:2,(anonymous_12)
FNDA:2,(anonymous_13)
FNDA:2,(anonymous_14)
FNDA:2,(anonymous_15)
FNDA:2,(anonymous_16)
DA:5,2
DA:11,2
DA:13,10
DA:14,10
DA:15,0
DA:16,0
DA:18,10
DA:20,10
DA:22,0
DA:27,2
DA:28,10
DA:29,10
DA:30,0
DA:32,10
DA:34,10
DA:38,0
DA:43,0
DA:44,0
DA:45,0
DA:46,10
DA:47,10
DA:49,0
DA:56,2
DA:57,2
DA:59,2
DA:60,2
DA:63,2
DA:64,0
DA:66,2
DA:67,0
DA:69,2
DA:70,2
DA:71,2
DA:72,2
DA:73,2
DA:74,2
DA:77,2
DA:78,2
DA:80,2
DA:81,2
LF:40
LH:29
BRDA:14,0,0,0
BRDA:14,0,1,10
BRDA:34,1,0,0
BRDA:34,1,1,10
BRDA:38,2,0,0
BRDA:38,2,1,0
BRDA:38,2,2,0
BRDA:38,2,3,0
BRDA:46,3,0,10
BRDA:46,3,1,0
BRDA:69,4,0,2
BRF:11
BRH:4
end_of_record
